[0107/190827.018:ERROR:directory_reader_win.cc(43)] FindFirstFile: The system cannot find the path specified. (0x3)
[0108/000911.435:ERROR:process_memory_win.cc(73)] ReadMemory at 0x7ffddf679820 of 36 bytes failed: Only part of a ReadProcessMemory or WriteProcessMemory request was completed. (0x12B)
[0108/000911.451:WARNING:pe_image_reader.cc(191)] could not read debug directory from C:\WINDOWS\SYSTEM32\dbghelp.dll
[0108/000911.451:ERROR:process_memory_win.cc(73)] ReadMemory at 0x7ffddf4f0000 of 64 bytes failed: Only part of a ReadProcessMemory or WriteProcessMemory request was completed. (0x12B)
[0108/000911.451:WARNING:pe_image_reader.cc(340)] could not read dos header from C:\WINDOWS\SYSTEM32\dbghelp.dll
[0108/000911.451:ERROR:process_memory_win.cc(73)] ReadMemory at 0x7ffddff80000 of 64 bytes failed: Only part of a ReadProcessMemory or WriteProcessMemory request was completed. (0x12B)
[0108/000911.452:WARNING:pe_image_reader.cc(340)] could not read dos header from C:\WINDOWS\SYSTEM32\IPHLPAPI.DLL
[0108/000911.452:ERROR:process_memory_win.cc(73)] ReadMemory at 0x7ffddff80000 of 64 bytes failed: Only part of a ReadProcessMemory or WriteProcessMemory request was completed. (0x12B)
[0108/000911.452:WARNING:pe_image_reader.cc(340)] could not read dos header from C:\WINDOWS\SYSTEM32\IPHLPAPI.DLL
[0108/000911.452:ERROR:process_memory_win.cc(73)] ReadMemory at 0x7ffdd9850000 of 64 bytes failed: Only part of a ReadProcessMemory or WriteProcessMemory request was completed. (0x12B)
[0108/000911.452:WARNING:pe_image_reader.cc(340)] could not read dos header from C:\WINDOWS\SYSTEM32\WINMM.dll
[0108/000911.453:ERROR:process_memory_win.cc(73)] ReadMemory at 0x7ffdd9850000 of 64 bytes failed: Only part of a ReadProcessMemory or WriteProcessMemory request was completed. (0x12B)
[0108/000911.453:WARNING:pe_image_reader.cc(340)] could not read dos header from C:\WINDOWS\SYSTEM32\WINMM.dll
[0108/000911.453:ERROR:process_memory_win.cc(73)] ReadMemory at 0x7ffdb9220000 of 64 bytes failed: Only part of a ReadProcessMemory or WriteProcessMemory request was completed. (0x12B)
[0108/000911.453:WARNING:pe_image_reader.cc(340)] could not read dos header from C:\WINDOWS\SYSTEM32\UIAutomationCore.DLL
[0108/000911.453:ERROR:process_memory_win.cc(73)] ReadMemory at 0x7ffdb9220000 of 64 bytes failed: Only part of a ReadProcessMemory or WriteProcessMemory request was completed. (0x12B)
[0108/000911.453:WARNING:pe_image_reader.cc(340)] could not read dos header from C:\WINDOWS\SYSTEM32\UIAutomationCore.DLL
[0108/000911.453:ERROR:process_memory_win.cc(73)] ReadMemory at 0x7ffdd12a0000 of 64 bytes failed: Only part of a ReadProcessMemory or WriteProcessMemory request was completed. (0x12B)
[0108/000911.453:WARNING:pe_image_reader.cc(340)] could not read dos header from C:\WINDOWS\SYSTEM32\Secur32.dll
[0108/000911.453:ERROR:process_memory_win.cc(73)] ReadMemory at 0x7ffdd12a0000 of 64 bytes failed: Only part of a ReadProcessMemory or WriteProcessMemory request was completed. (0x12B)
[0108/000911.453:WARNING:pe_image_reader.cc(340)] could not read dos header from C:\WINDOWS\SYSTEM32\Secur32.dll
[0108/000911.453:ERROR:process_memory_win.cc(73)] ReadMemory at 0x7ffde0a60000 of 64 bytes failed: Only part of a ReadProcessMemory or WriteProcessMemory request was completed. (0x12B)
[0108/000911.453:WARNING:pe_image_reader.cc(340)] could not read dos header from C:\WINDOWS\SYSTEM32\USERENV.dll
[0108/000911.453:ERROR:process_memory_win.cc(73)] ReadMemory at 0x7ffde0a60000 of 64 bytes failed: Only part of a ReadProcessMemory or WriteProcessMemory request was completed. (0x12B)
[0108/000911.454:WARNING:pe_image_reader.cc(340)] could not read dos header from C:\WINDOWS\SYSTEM32\USERENV.dll
[0108/000911.454:ERROR:process_memory_win.cc(73)] ReadMemory at 0x7ffdd1f90000 of 64 bytes failed: Only part of a ReadProcessMemory or WriteProcessMemory request was completed. (0x12B)
[0108/000911.454:WARNING:pe_image_reader.cc(340)] could not read dos header from C:\WINDOWS\SYSTEM32\DWrite.dll
[0108/000911.454:ERROR:process_memory_win.cc(73)] ReadMemory at 0x7ffdd1f90000 of 64 bytes failed: Only part of a ReadProcessMemory or WriteProcessMemory request was completed. (0x12B)
[0108/000911.454:WARNING:pe_image_reader.cc(340)] could not read dos header from C:\WINDOWS\SYSTEM32\DWrite.dll
[0108/000911.454:ERROR:process_memory_win.cc(73)] ReadMemory at 0x7ffdbf400000 of 64 bytes failed: Only part of a ReadProcessMemory or WriteProcessMemory request was completed. (0x12B)
[0108/000911.454:WARNING:pe_image_reader.cc(340)] could not read dos header from C:\WINDOWS\SYSTEM32\WINSPOOL.DRV
[0108/000911.454:ERROR:process_memory_win.cc(73)] ReadMemory at 0x7ffdbf400000 of 64 bytes failed: Only part of a ReadProcessMemory or WriteProcessMemory request was completed. (0x12B)
[0108/000911.454:WARNING:pe_image_reader.cc(340)] could not read dos header from C:\WINDOWS\SYSTEM32\WINSPOOL.DRV
[0108/000911.455:ERROR:process_memory_win.cc(73)] ReadMemory at 0x7ffddd600000 of 64 bytes failed: Only part of a ReadProcessMemory or WriteProcessMemory request was completed. (0x12B)
[0108/000911.455:WARNING:pe_image_reader.cc(340)] could not read dos header from C:\WINDOWS\SYSTEM32\WINHTTP.dll
[0108/000911.455:ERROR:process_memory_win.cc(73)] ReadMemory at 0x7ffddd600000 of 64 bytes failed: Only part of a ReadProcessMemory or WriteProcessMemory request was completed. (0x12B)
[0108/000911.455:WARNING:pe_image_reader.cc(340)] could not read dos header from C:\WINDOWS\SYSTEM32\WINHTTP.dll
[0108/000911.455:ERROR:process_memory_win.cc(73)] ReadMemory at 0x7ffdd9b00000 of 64 bytes failed: Only part of a ReadProcessMemory or WriteProcessMemory request was completed. (0x12B)
[0108/000911.455:WARNING:pe_image_reader.cc(340)] could not read dos header from C:\WINDOWS\SYSTEM32\dhcpcsvc.DLL
[0108/000911.455:ERROR:process_memory_win.cc(73)] ReadMemory at 0x7ffdd9b00000 of 64 bytes failed: Only part of a ReadProcessMemory or WriteProcessMemory request was completed. (0x12B)
[0108/000911.455:WARNING:pe_image_reader.cc(340)] could not read dos header from C:\WINDOWS\SYSTEM32\dhcpcsvc.DLL
[0108/000911.456:ERROR:process_memory_win.cc(73)] ReadMemory at 0x7ffdda890000 of 64 bytes failed: Only part of a ReadProcessMemory or WriteProcessMemory request was completed. (0x12B)
[0108/000911.456:WARNING:pe_image_reader.cc(340)] could not read dos header from C:\WINDOWS\SYSTEM32\PROPSYS.dll
[0108/000911.456:ERROR:process_memory_win.cc(73)] ReadMemory at 0x7ffdda890000 of 64 bytes failed: Only part of a ReadProcessMemory or WriteProcessMemory request was completed. (0x12B)
[0108/000911.456:WARNING:pe_image_reader.cc(340)] could not read dos header from C:\WINDOWS\SYSTEM32\PROPSYS.dll
[0108/000911.456:ERROR:process_memory_win.cc(73)] ReadMemory at 0x7ffde0a20000 of 64 bytes failed: Only part of a ReadProcessMemory or WriteProcessMemory request was completed. (0x12B)
[0108/000911.456:WARNING:pe_image_reader.cc(340)] could not read dos header from C:\WINDOWS\SYSTEM32\SSPICLI.DLL
[0108/000911.456:ERROR:process_memory_win.cc(73)] ReadMemory at 0x7ffde0a20000 of 64 bytes failed: Only part of a ReadProcessMemory or WriteProcessMemory request was completed. (0x12B)
[0108/000911.456:WARNING:pe_image_reader.cc(340)] could not read dos header from C:\WINDOWS\SYSTEM32\SSPICLI.DLL
[0108/000911.456:ERROR:process_memory_win.cc(73)] ReadMemory at 0x7ffde0690000 of 64 bytes failed: Only part of a ReadProcessMemory or WriteProcessMemory request was completed. (0x12B)
[0108/000911.456:WARNING:pe_image_reader.cc(340)] could not read dos header from C:\WINDOWS\System32\MSASN1.dll
[0108/000911.456:ERROR:process_memory_win.cc(73)] ReadMemory at 0x7ffde0690000 of 64 bytes failed: Only part of a ReadProcessMemory or WriteProcessMemory request was completed. (0x12B)
[0108/000911.456:WARNING:pe_image_reader.cc(340)] could not read dos header from C:\WINDOWS\System32\MSASN1.dll
[0108/000911.457:ERROR:process_memory_win.cc(73)] ReadMemory at 0x7ffde13b0000 of 64 bytes failed: Only part of a ReadProcessMemory or WriteProcessMemory request was completed. (0x12B)
[0108/000911.457:WARNING:pe_image_reader.cc(340)] could not read dos header from C:\WINDOWS\System32\bcryptPrimitives.dll
[0108/000911.457:ERROR:process_memory_win.cc(73)] ReadMemory at 0x7ffde13b0000 of 64 bytes failed: Only part of a ReadProcessMemory or WriteProcessMemory request was completed. (0x12B)
[0108/000911.457:WARNING:pe_image_reader.cc(340)] could not read dos header from C:\WINDOWS\System32\bcryptPrimitives.dll
[0108/000911.457:ERROR:process_memory_win.cc(73)] ReadMemory at 0x7ffde0480000 of 64 bytes failed: Only part of a ReadProcessMemory or WriteProcessMemory request was completed. (0x12B)
[0108/000911.457:WARNING:pe_image_reader.cc(340)] could not read dos header from C:\WINDOWS\SYSTEM32\CRYPTBASE.DLL
[0108/000911.457:ERROR:process_memory_win.cc(73)] ReadMemory at 0x7ffde0480000 of 64 bytes failed: Only part of a ReadProcessMemory or WriteProcessMemory request was completed. (0x12B)
[0108/000911.457:WARNING:pe_image_reader.cc(340)] could not read dos header from C:\WINDOWS\SYSTEM32\CRYPTBASE.DLL
[0108/000911.458:ERROR:process_memory_win.cc(73)] ReadMemory at 0x7ffde359c168 of 8 bytes failed: Only part of a ReadProcessMemory or WriteProcessMemory request was completed. (0x12B)
[0108/000911.458:ERROR:process_snapshot_win.cc(311)] failed to read target address
[0108/000911.470:ERROR:process_memory_win.cc(73)] ReadMemory at 0x7ff764e80000 of 64 bytes failed: Only part of a ReadProcessMemory or WriteProcessMemory request was completed. (0x12B)
[0108/000911.470:WARNING:pe_image_reader.cc(340)] could not read dos header from C:\Program Files (x86)\Google\Chrome\Application\chrome.exe
[0108/000911.470:ERROR:process_memory_win.cc(73)] ReadMemory at 0x7ffde3430000 of 64 bytes failed: Only part of a ReadProcessMemory or WriteProcessMemory request was completed. (0x12B)
[0108/000911.470:WARNING:pe_image_reader.cc(340)] could not read dos header from C:\WINDOWS\SYSTEM32\ntdll.dll
[0108/000911.470:ERROR:process_memory_win.cc(73)] ReadMemory at 0x7ffde1b90000 of 64 bytes failed: Only part of a ReadProcessMemory or WriteProcessMemory request was completed. (0x12B)
[0108/000911.470:WARNING:pe_image_reader.cc(340)] could not read dos header from C:\WINDOWS\System32\KERNEL32.DLL
[0108/000911.470:ERROR:process_memory_win.cc(73)] ReadMemory at 0x7ffde0bf0000 of 64 bytes failed: Only part of a ReadProcessMemory or WriteProcessMemory request was completed. (0x12B)
[0108/000911.471:WARNING:pe_image_reader.cc(340)] could not read dos header from C:\WINDOWS\System32\KERNELBASE.dll
[0108/000911.471:ERROR:process_memory_win.cc(73)] ReadMemory at 0x7ffdacb40000 of 64 bytes failed: Only part of a ReadProcessMemory or WriteProcessMemory request was completed. (0x12B)
[0108/000911.471:WARNING:pe_image_reader.cc(340)] could not read dos header from C:\Program Files (x86)\Google\Chrome\Application\87.0.4280.88\chrome_elf.dll
[0108/000911.471:ERROR:process_memory_win.cc(73)] ReadMemory at 0x7ffddce50000 of 64 bytes failed: Only part of a ReadProcessMemory or WriteProcessMemory request was completed. (0x12B)
[0108/000911.471:WARNING:pe_image_reader.cc(340)] could not read dos header from C:\WINDOWS\SYSTEM32\VERSION.dll
[0108/000911.471:ERROR:process_memory_win.cc(73)] ReadMemory at 0x7ffde1530000 of 64 bytes failed: Only part of a ReadProcessMemory or WriteProcessMemory request was completed. (0x12B)
[0108/000911.471:WARNING:pe_image_reader.cc(340)] could not read dos header from C:\WINDOWS\System32\msvcrt.dll
[0108/000911.471:ERROR:process_memory_win.cc(73)] ReadMemory at 0x7ffde15d0000 of 64 bytes failed: Only part of a ReadProcessMemory or WriteProcessMemory request was completed. (0x12B)
[0108/000911.471:WARNING:pe_image_reader.cc(340)] could not read dos header from C:\WINDOWS\System32\ADVAPI32.dll
[0108/000911.471:ERROR:process_memory_win.cc(73)] ReadMemory at 0x7ffde2e00000 of 64 bytes failed: Only part of a ReadProcessMemory or WriteProcessMemory request was completed. (0x12B)
[0108/000911.471:WARNING:pe_image_reader.cc(340)] could not read dos header from C:\WINDOWS\System32\sechost.dll
[0108/000911.471:ERROR:process_memory_win.cc(73)] ReadMemory at 0x7ffde2ae0000 of 64 bytes failed: Only part of a ReadProcessMemory or WriteProcessMemory request was completed. (0x12B)
[0108/000911.472:WARNING:pe_image_reader.cc(340)] could not read dos header from C:\WINDOWS\System32\RPCRT4.dll
[0108/000911.472:ERROR:process_memory_win.cc(73)] ReadMemory at 0x7ffd87880000 of 64 bytes failed: Only part of a ReadProcessMemory or WriteProcessMemory request was completed. (0x12B)
[0108/000911.472:WARNING:pe_image_reader.cc(340)] could not read dos header from C:\Program Files (x86)\Google\Chrome\Application\87.0.4280.88\chrome.dll
[0108/000911.472:ERROR:process_memory_win.cc(73)] ReadMemory at 0x7ffde1cb0000 of 64 bytes failed: Only part of a ReadProcessMemory or WriteProcessMemory request was completed. (0x12B)
[0108/000911.472:WARNING:pe_image_reader.cc(340)] could not read dos header from C:\WINDOWS\System32\WS2_32.dll
[0108/000911.472:ERROR:process_memory_win.cc(73)] ReadMemory at 0x7ffde2c10000 of 64 bytes failed: Only part of a ReadProcessMemory or WriteProcessMemory request was completed. (0x12B)
[0108/000911.472:WARNING:pe_image_reader.cc(340)] could not read dos header from C:\WINDOWS\System32\OLEAUT32.dll
[0108/000911.472:ERROR:process_memory_win.cc(73)] ReadMemory at 0x7ffde1000000 of 64 bytes failed: Only part of a ReadProcessMemory or WriteProcessMemory request was completed. (0x12B)
[0108/000911.472:WARNING:pe_image_reader.cc(340)] could not read dos header from C:\WINDOWS\System32\msvcp_win.dll
[0108/000911.472:ERROR:process_memory_win.cc(73)] ReadMemory at 0x7ffde12b0000 of 64 bytes failed: Only part of a ReadProcessMemory or WriteProcessMemory request was completed. (0x12B)
[0108/000911.472:WARNING:pe_image_reader.cc(340)] could not read dos header from C:\WINDOWS\System32\ucrtbase.dll
[0108/000911.472:ERROR:process_memory_win.cc(73)] ReadMemory at 0x7ffde1830000 of 64 bytes failed: Only part of a ReadProcessMemory or WriteProcessMemory request was completed. (0x12B)
[0108/000911.473:WARNING:pe_image_reader.cc(340)] could not read dos header from C:\WINDOWS\System32\combase.dll
[0108/000911.473:ERROR:process_memory_win.cc(73)] ReadMemory at 0x7ffde1430000 of 64 bytes failed: Only part of a ReadProcessMemory or WriteProcessMemory request was completed. (0x12B)
[0108/000911.473:WARNING:pe_image_reader.cc(340)] could not read dos header from C:\WINDOWS\System32\WINTRUST.dll
[0108/000911.473:ERROR:process_memory_win.cc(73)] ReadMemory at 0x7ffde10a0000 of 64 bytes failed: Only part of a ReadProcessMemory or WriteProcessMemory request was completed. (0x12B)
[0108/000911.473:WARNING:pe_image_reader.cc(340)] could not read dos header from C:\WINDOWS\System32\CRYPT32.dll
[0108/000911.473:ERROR:process_memory_win.cc(73)] ReadMemory at 0x7ffddf4f0000 of 64 bytes failed: Only part of a ReadProcessMemory or WriteProcessMemory request was completed. (0x12B)
[0108/000911.473:WARNING:pe_image_reader.cc(340)] could not read dos header from C:\WINDOWS\SYSTEM32\dbghelp.dll
[0108/000911.473:ERROR:process_memory_win.cc(73)] ReadMemory at 0x7ffddff80000 of 64 bytes failed: Only part of a ReadProcessMemory or WriteProcessMemory request was completed. (0x12B)
[0108/000911.473:WARNING:pe_image_reader.cc(340)] could not read dos header from C:\WINDOWS\SYSTEM32\IPHLPAPI.DLL
[0108/000911.473:ERROR:process_memory_win.cc(73)] ReadMemory at 0x7ffdd9850000 of 64 bytes failed: Only part of a ReadProcessMemory or WriteProcessMemory request was completed. (0x12B)
[0108/000911.473:WARNING:pe_image_reader.cc(340)] could not read dos header from C:\WINDOWS\SYSTEM32\WINMM.dll
[0108/000911.474:ERROR:process_memory_win.cc(73)] ReadMemory at 0x7ffdb9220000 of 64 bytes failed: Only part of a ReadProcessMemory or WriteProcessMemory request was completed. (0x12B)
[0108/000911.474:WARNING:pe_image_reader.cc(340)] could not read dos header from C:\WINDOWS\SYSTEM32\UIAutomationCore.DLL
[0108/000911.474:ERROR:process_memory_win.cc(73)] ReadMemory at 0x7ffdd12a0000 of 64 bytes failed: Only part of a ReadProcessMemory or WriteProcessMemory request was completed. (0x12B)
[0108/000911.474:WARNING:pe_image_reader.cc(340)] could not read dos header from C:\WINDOWS\SYSTEM32\Secur32.dll
[0108/000911.474:ERROR:process_memory_win.cc(73)] ReadMemory at 0x7ffde0a60000 of 64 bytes failed: Only part of a ReadProcessMemory or WriteProcessMemory request was completed. (0x12B)
[0108/000911.474:WARNING:pe_image_reader.cc(340)] could not read dos header from C:\WINDOWS\SYSTEM32\USERENV.dll
[0108/000911.474:ERROR:process_memory_win.cc(73)] ReadMemory at 0x7ffdd1f90000 of 64 bytes failed: Only part of a ReadProcessMemory or WriteProcessMemory request was completed. (0x12B)
[0108/000911.474:WARNING:pe_image_reader.cc(340)] could not read dos header from C:\WINDOWS\SYSTEM32\DWrite.dll
[0108/000911.474:ERROR:process_memory_win.cc(73)] ReadMemory at 0x7ffdbf400000 of 64 bytes failed: Only part of a ReadProcessMemory or WriteProcessMemory request was completed. (0x12B)
[0108/000911.474:WARNING:pe_image_reader.cc(340)] could not read dos header from C:\WINDOWS\SYSTEM32\WINSPOOL.DRV
[0108/000911.474:ERROR:process_memory_win.cc(73)] ReadMemory at 0x7ffddd600000 of 64 bytes failed: Only part of a ReadProcessMemory or WriteProcessMemory request was completed. (0x12B)
[0108/000911.475:WARNING:pe_image_reader.cc(340)] could not read dos header from C:\WINDOWS\SYSTEM32\WINHTTP.dll
[0108/000911.475:ERROR:process_memory_win.cc(73)] ReadMemory at 0x7ffdd9b00000 of 64 bytes failed: Only part of a ReadProcessMemory or WriteProcessMemory request was completed. (0x12B)
[0108/000911.475:WARNING:pe_image_reader.cc(340)] could not read dos header from C:\WINDOWS\SYSTEM32\dhcpcsvc.DLL
[0108/000911.475:ERROR:process_memory_win.cc(73)] ReadMemory at 0x7ffdda890000 of 64 bytes failed: Only part of a ReadProcessMemory or WriteProcessMemory request was completed. (0x12B)
[0108/000911.475:WARNING:pe_image_reader.cc(340)] could not read dos header from C:\WINDOWS\SYSTEM32\PROPSYS.dll
[0108/000911.475:ERROR:process_memory_win.cc(73)] ReadMemory at 0x7ffde0a20000 of 64 bytes failed: Only part of a ReadProcessMemory or WriteProcessMemory request was completed. (0x12B)
[0108/000911.475:WARNING:pe_image_reader.cc(340)] could not read dos header from C:\WINDOWS\SYSTEM32\SSPICLI.DLL
[0108/000911.475:ERROR:process_memory_win.cc(73)] ReadMemory at 0x7ffde0690000 of 64 bytes failed: Only part of a ReadProcessMemory or WriteProcessMemory request was completed. (0x12B)
[0108/000911.475:WARNING:pe_image_reader.cc(340)] could not read dos header from C:\WINDOWS\System32\MSASN1.dll
[0108/000911.475:ERROR:process_memory_win.cc(73)] ReadMemory at 0x7ffde13b0000 of 64 bytes failed: Only part of a ReadProcessMemory or WriteProcessMemory request was completed. (0x12B)
[0108/000911.475:WARNING:pe_image_reader.cc(340)] could not read dos header from C:\WINDOWS\System32\bcryptPrimitives.dll
[0108/000911.475:ERROR:process_memory_win.cc(73)] ReadMemory at 0x7ffde0480000 of 64 bytes failed: Only part of a ReadProcessMemory or WriteProcessMemory request was completed. (0x12B)
[0108/000911.476:WARNING:pe_image_reader.cc(340)] could not read dos header from C:\WINDOWS\SYSTEM32\CRYPTBASE.DLL
[0108/000911.476:ERROR:process_memory_win.cc(73)] ReadMemory at 0x7ff764e80000 of 64 bytes failed: Only part of a ReadProcessMemory or WriteProcessMemory request was completed. (0x12B)
[0108/000911.476:WARNING:pe_image_reader.cc(340)] could not read dos header from C:\Program Files (x86)\Google\Chrome\Application\chrome.exe
[0108/000911.476:ERROR:process_memory_win.cc(73)] ReadMemory at 0x7ff764e80000 of 64 bytes failed: Only part of a ReadProcessMemory or WriteProcessMemory request was completed. (0x12B)
[0108/000911.476:WARNING:pe_image_reader.cc(340)] could not read dos header from C:\Program Files (x86)\Google\Chrome\Application\chrome.exe
[0108/000911.476:ERROR:process_memory_win.cc(73)] ReadMemory at 0x7ffde3430000 of 64 bytes failed: Only part of a ReadProcessMemory or WriteProcessMemory request was completed. (0x12B)
[0108/000911.476:WARNING:pe_image_reader.cc(340)] could not read dos header from C:\WINDOWS\SYSTEM32\ntdll.dll
[0108/000911.476:ERROR:process_memory_win.cc(73)] ReadMemory at 0x7ffde3430000 of 64 bytes failed: Only part of a ReadProcessMemory or WriteProcessMemory request was completed. (0x12B)
[0108/000911.476:WARNING:pe_image_reader.cc(340)] could not read dos header from C:\WINDOWS\SYSTEM32\ntdll.dll
[0108/000911.476:ERROR:process_memory_win.cc(73)] ReadMemory at 0x7ffde1b90000 of 64 bytes failed: Only part of a ReadProcessMemory or WriteProcessMemory request was completed. (0x12B)
[0108/000911.477:WARNING:pe_image_reader.cc(340)] could not read dos header from C:\WINDOWS\System32\KERNEL32.DLL
[0108/000911.477:ERROR:process_memory_win.cc(73)] ReadMemory at 0x7ffde1b90000 of 64 bytes failed: Only part of a ReadProcessMemory or WriteProcessMemory request was completed. (0x12B)
[0108/000911.477:WARNING:pe_image_reader.cc(340)] could not read dos header from C:\WINDOWS\System32\KERNEL32.DLL
[0108/000911.477:ERROR:process_memory_win.cc(73)] ReadMemory at 0x7ffde0bf0000 of 64 bytes failed: Only part of a ReadProcessMemory or WriteProcessMemory request was completed. (0x12B)
[0108/000911.477:WARNING:pe_image_reader.cc(340)] could not read dos header from C:\WINDOWS\System32\KERNELBASE.dll
[0108/000911.477:ERROR:process_memory_win.cc(73)] ReadMemory at 0x7ffde0bf0000 of 64 bytes failed: Only part of a ReadProcessMemory or WriteProcessMemory request was completed. (0x12B)
[0108/000911.477:WARNING:pe_image_reader.cc(340)] could not read dos header from C:\WINDOWS\System32\KERNELBASE.dll
[0108/000911.477:ERROR:process_memory_win.cc(73)] ReadMemory at 0x7ffdacb40000 of 64 bytes failed: Only part of a ReadProcessMemory or WriteProcessMemory request was completed. (0x12B)
[0108/000911.477:WARNING:pe_image_reader.cc(340)] could not read dos header from C:\Program Files (x86)\Google\Chrome\Application\87.0.4280.88\chrome_elf.dll
[0108/000911.477:ERROR:process_memory_win.cc(73)] ReadMemory at 0x7ffdacb40000 of 64 bytes failed: Only part of a ReadProcessMemory or WriteProcessMemory request was completed. (0x12B)
[0108/000911.478:WARNING:pe_image_reader.cc(340)] could not read dos header from C:\Program Files (x86)\Google\Chrome\Application\87.0.4280.88\chrome_elf.dll
[0108/000911.478:ERROR:process_memory_win.cc(73)] ReadMemory at 0x7ffddce50000 of 64 bytes failed: Only part of a ReadProcessMemory or WriteProcessMemory request was completed. (0x12B)
[0108/000911.478:WARNING:pe_image_reader.cc(340)] could not read dos header from C:\WINDOWS\SYSTEM32\VERSION.dll
[0108/000911.478:ERROR:process_memory_win.cc(73)] ReadMemory at 0x7ffddce50000 of 64 bytes failed: Only part of a ReadProcessMemory or WriteProcessMemory request was completed. (0x12B)
[0108/000911.478:WARNING:pe_image_reader.cc(340)] could not read dos header from C:\WINDOWS\SYSTEM32\VERSION.dll
[0108/000911.478:ERROR:process_memory_win.cc(73)] ReadMemory at 0x7ffde1530000 of 64 bytes failed: Only part of a ReadProcessMemory or WriteProcessMemory request was completed. (0x12B)
[0108/000911.478:WARNING:pe_image_reader.cc(340)] could not read dos header from C:\WINDOWS\System32\msvcrt.dll
[0108/000911.478:ERROR:process_memory_win.cc(73)] ReadMemory at 0x7ffde1530000 of 64 bytes failed: Only part of a ReadProcessMemory or WriteProcessMemory request was completed. (0x12B)
[0108/000911.478:WARNING:pe_image_reader.cc(340)] could not read dos header from C:\WINDOWS\System32\msvcrt.dll
[0108/000911.479:ERROR:process_memory_win.cc(73)] ReadMemory at 0x7ffde15d0000 of 64 bytes failed: Only part of a ReadProcessMemory or WriteProcessMemory request was completed. (0x12B)
[0108/000911.479:WARNING:pe_image_reader.cc(340)] could not read dos header from C:\WINDOWS\System32\ADVAPI32.dll
[0108/000911.479:ERROR:process_memory_win.cc(73)] ReadMemory at 0x7ffde15d0000 of 64 bytes failed: Only part of a ReadProcessMemory or WriteProcessMemory request was completed. (0x12B)
[0108/000911.479:WARNING:pe_image_reader.cc(340)] could not read dos header from C:\WINDOWS\System32\ADVAPI32.dll
[0108/000911.479:ERROR:process_memory_win.cc(73)] ReadMemory at 0x7ffde2e00000 of 64 bytes failed: Only part of a ReadProcessMemory or WriteProcessMemory request was completed. (0x12B)
[0108/000911.479:WARNING:pe_image_reader.cc(340)] could not read dos header from C:\WINDOWS\System32\sechost.dll
[0108/000911.479:ERROR:process_memory_win.cc(73)] ReadMemory at 0x7ffde2e00000 of 64 bytes failed: Only part of a ReadProcessMemory or WriteProcessMemory request was completed. (0x12B)
[0108/000911.479:WARNING:pe_image_reader.cc(340)] could not read dos header from C:\WINDOWS\System32\sechost.dll
[0108/000911.479:ERROR:process_memory_win.cc(73)] ReadMemory at 0x7ffde2ae0000 of 64 bytes failed: Only part of a ReadProcessMemory or WriteProcessMemory request was completed. (0x12B)
[0108/000911.479:WARNING:pe_image_reader.cc(340)] could not read dos header from C:\WINDOWS\System32\RPCRT4.dll
[0108/000911.480:ERROR:process_memory_win.cc(73)] ReadMemory at 0x7ffde2ae0000 of 64 bytes failed: Only part of a ReadProcessMemory or WriteProcessMemory request was completed. (0x12B)
[0108/000911.480:WARNING:pe_image_reader.cc(340)] could not read dos header from C:\WINDOWS\System32\RPCRT4.dll
[0108/000911.480:ERROR:process_memory_win.cc(73)] ReadMemory at 0x7ffd87880000 of 64 bytes failed: Only part of a ReadProcessMemory or WriteProcessMemory request was completed. (0x12B)
[0108/000911.480:WARNING:pe_image_reader.cc(340)] could not read dos header from C:\Program Files (x86)\Google\Chrome\Application\87.0.4280.88\chrome.dll
[0108/000911.480:ERROR:process_memory_win.cc(73)] ReadMemory at 0x7ffd87880000 of 64 bytes failed: Only part of a ReadProcessMemory or WriteProcessMemory request was completed. (0x12B)
[0108/000911.480:WARNING:pe_image_reader.cc(340)] could not read dos header from C:\Program Files (x86)\Google\Chrome\Application\87.0.4280.88\chrome.dll
[0108/000911.480:ERROR:process_memory_win.cc(73)] ReadMemory at 0x7ffde1cb0000 of 64 bytes failed: Only part of a ReadProcessMemory or WriteProcessMemory request was completed. (0x12B)
[0108/000911.480:WARNING:pe_image_reader.cc(340)] could not read dos header from C:\WINDOWS\System32\WS2_32.dll
[0108/000911.480:ERROR:process_memory_win.cc(73)] ReadMemory at 0x7ffde1cb0000 of 64 bytes failed: Only part of a ReadProcessMemory or WriteProcessMemory request was completed. (0x12B)
[0108/000911.480:WARNING:pe_image_reader.cc(340)] could not read dos header from C:\WINDOWS\System32\WS2_32.dll
[0108/000911.480:ERROR:process_memory_win.cc(73)] ReadMemory at 0x7ffde2c10000 of 64 bytes failed: Only part of a ReadProcessMemory or WriteProcessMemory request was completed. (0x12B)
[0108/000911.481:WARNING:pe_image_reader.cc(340)] could not read dos header from C:\WINDOWS\System32\OLEAUT32.dll
[0108/000911.481:ERROR:process_memory_win.cc(73)] ReadMemory at 0x7ffde2c10000 of 64 bytes failed: Only part of a ReadProcessMemory or WriteProcessMemory request was completed. (0x12B)
[0108/000911.481:WARNING:pe_image_reader.cc(340)] could not read dos header from C:\WINDOWS\System32\OLEAUT32.dll
[0108/000911.481:ERROR:process_memory_win.cc(73)] ReadMemory at 0x7ffde1000000 of 64 bytes failed: Only part of a ReadProcessMemory or WriteProcessMemory request was completed. (0x12B)
[0108/000911.481:WARNING:pe_image_reader.cc(340)] could not read dos header from C:\WINDOWS\System32\msvcp_win.dll
[0108/000911.481:ERROR:process_memory_win.cc(73)] ReadMemory at 0x7ffde1000000 of 64 bytes failed: Only part of a ReadProcessMemory or WriteProcessMemory request was completed. (0x12B)
[0108/000911.481:WARNING:pe_image_reader.cc(340)] could not read dos header from C:\WINDOWS\System32\msvcp_win.dll
[0108/000911.481:ERROR:process_memory_win.cc(73)] ReadMemory at 0x7ffde12b0000 of 64 bytes failed: Only part of a ReadProcessMemory or WriteProcessMemory request was completed. (0x12B)
[0108/000911.481:WARNING:pe_image_reader.cc(340)] could not read dos header from C:\WINDOWS\System32\ucrtbase.dll
[0108/000911.482:ERROR:process_memory_win.cc(73)] ReadMemory at 0x7ffde12b0000 of 64 bytes failed: Only part of a ReadProcessMemory or WriteProcessMemory request was completed. (0x12B)
[0108/000911.482:WARNING:pe_image_reader.cc(340)] could not read dos header from C:\WINDOWS\System32\ucrtbase.dll
[0108/000911.482:ERROR:process_memory_win.cc(73)] ReadMemory at 0x7ffde1830000 of 64 bytes failed: Only part of a ReadProcessMemory or WriteProcessMemory request was completed. (0x12B)
[0108/000911.482:WARNING:pe_image_reader.cc(340)] could not read dos header from C:\WINDOWS\System32\combase.dll
[0108/000911.482:ERROR:process_memory_win.cc(73)] ReadMemory at 0x7ffde1830000 of 64 bytes failed: Only part of a ReadProcessMemory or WriteProcessMemory request was completed. (0x12B)
[0108/000911.482:WARNING:pe_image_reader.cc(340)] could not read dos header from C:\WINDOWS\System32\combase.dll
[0108/000911.482:ERROR:process_memory_win.cc(73)] ReadMemory at 0x7ffde1430000 of 64 bytes failed: Only part of a ReadProcessMemory or WriteProcessMemory request was completed. (0x12B)
[0108/000911.482:WARNING:pe_image_reader.cc(340)] could not read dos header from C:\WINDOWS\System32\WINTRUST.dll
[0108/000911.483:ERROR:process_memory_win.cc(73)] ReadMemory at 0x7ffde1430000 of 64 bytes failed: Only part of a ReadProcessMemory or WriteProcessMemory request was completed. (0x12B)
[0108/000911.483:WARNING:pe_image_reader.cc(340)] could not read dos header from C:\WINDOWS\System32\WINTRUST.dll
[0108/000911.483:ERROR:process_memory_win.cc(73)] ReadMemory at 0x7ffde10a0000 of 64 bytes failed: Only part of a ReadProcessMemory or WriteProcessMemory request was completed. (0x12B)
[0108/000911.483:WARNING:pe_image_reader.cc(340)] could not read dos header from C:\WINDOWS\System32\CRYPT32.dll
[0108/000911.483:ERROR:process_memory_win.cc(73)] ReadMemory at 0x7ffde10a0000 of 64 bytes failed: Only part of a ReadProcessMemory or WriteProcessMemory request was completed. (0x12B)
[0108/000911.483:WARNING:pe_image_reader.cc(340)] could not read dos header from C:\WINDOWS\System32\CRYPT32.dll
[0108/000911.483:ERROR:process_memory_win.cc(73)] ReadMemory at 0x7ffddf4f0000 of 64 bytes failed: Only part of a ReadProcessMemory or WriteProcessMemory request was completed. (0x12B)
[0108/000911.483:WARNING:pe_image_reader.cc(340)] could not read dos header from C:\WINDOWS\SYSTEM32\dbghelp.dll
[0108/000911.483:ERROR:process_memory_win.cc(73)] ReadMemory at 0x7ffddf4f0000 of 64 bytes failed: Only part of a ReadProcessMemory or WriteProcessMemory request was completed. (0x12B)
[0108/000911.483:WARNING:pe_image_reader.cc(340)] could not read dos header from C:\WINDOWS\SYSTEM32\dbghelp.dll
[0108/000911.483:ERROR:process_memory_win.cc(73)] ReadMemory at 0x7ffddff80000 of 64 bytes failed: Only part of a ReadProcessMemory or WriteProcessMemory request was completed. (0x12B)
[0108/000911.483:WARNING:pe_image_reader.cc(340)] could not read dos header from C:\WINDOWS\SYSTEM32\IPHLPAPI.DLL
[0108/000911.483:ERROR:process_memory_win.cc(73)] ReadMemory at 0x7ffddff80000 of 64 bytes failed: Only part of a ReadProcessMemory or WriteProcessMemory request was completed. (0x12B)
[0108/000911.484:WARNING:pe_image_reader.cc(340)] could not read dos header from C:\WINDOWS\SYSTEM32\IPHLPAPI.DLL
[0108/000911.484:ERROR:process_memory_win.cc(73)] ReadMemory at 0x7ffdd9850000 of 64 bytes failed: Only part of a ReadProcessMemory or WriteProcessMemory request was completed. (0x12B)
[0108/000911.484:WARNING:pe_image_reader.cc(340)] could not read dos header from C:\WINDOWS\SYSTEM32\WINMM.dll
[0108/000911.484:ERROR:process_memory_win.cc(73)] ReadMemory at 0x7ffdd9850000 of 64 bytes failed: Only part of a ReadProcessMemory or WriteProcessMemory request was completed. (0x12B)
[0108/000911.484:WARNING:pe_image_reader.cc(340)] could not read dos header from C:\WINDOWS\SYSTEM32\WINMM.dll
[0108/000911.484:ERROR:process_memory_win.cc(73)] ReadMemory at 0x7ffdb9220000 of 64 bytes failed: Only part of a ReadProcessMemory or WriteProcessMemory request was completed. (0x12B)
[0108/000911.484:WARNING:pe_image_reader.cc(340)] could not read dos header from C:\WINDOWS\SYSTEM32\UIAutomationCore.DLL
[0108/000911.484:ERROR:process_memory_win.cc(73)] ReadMemory at 0x7ffdb9220000 of 64 bytes failed: Only part of a ReadProcessMemory or WriteProcessMemory request was completed. (0x12B)
[0108/000911.484:WARNING:pe_image_reader.cc(340)] could not read dos header from C:\WINDOWS\SYSTEM32\UIAutomationCore.DLL
[0108/000911.484:ERROR:process_memory_win.cc(73)] ReadMemory at 0x7ffdd12a0000 of 64 bytes failed: Only part of a ReadProcessMemory or WriteProcessMemory request was completed. (0x12B)
[0108/000911.484:WARNING:pe_image_reader.cc(340)] could not read dos header from C:\WINDOWS\SYSTEM32\Secur32.dll
[0108/000911.485:ERROR:process_memory_win.cc(73)] ReadMemory at 0x7ffdd12a0000 of 64 bytes failed: Only part of a ReadProcessMemory or WriteProcessMemory request was completed. (0x12B)
[0108/000911.485:WARNING:pe_image_reader.cc(340)] could not read dos header from C:\WINDOWS\SYSTEM32\Secur32.dll
[0108/000911.485:ERROR:process_memory_win.cc(73)] ReadMemory at 0x7ffde0a60000 of 64 bytes failed: Only part of a ReadProcessMemory or WriteProcessMemory request was completed. (0x12B)
[0108/000911.485:WARNING:pe_image_reader.cc(340)] could not read dos header from C:\WINDOWS\SYSTEM32\USERENV.dll
[0108/000911.485:ERROR:process_memory_win.cc(73)] ReadMemory at 0x7ffde0a60000 of 64 bytes failed: Only part of a ReadProcessMemory or WriteProcessMemory request was completed. (0x12B)
[0108/000911.485:WARNING:pe_image_reader.cc(340)] could not read dos header from C:\WINDOWS\SYSTEM32\USERENV.dll
[0108/000911.485:ERROR:process_memory_win.cc(73)] ReadMemory at 0x7ffdd1f90000 of 64 bytes failed: Only part of a ReadProcessMemory or WriteProcessMemory request was completed. (0x12B)
[0108/000911.485:WARNING:pe_image_reader.cc(340)] could not read dos header from C:\WINDOWS\SYSTEM32\DWrite.dll
[0108/000911.485:ERROR:process_memory_win.cc(73)] ReadMemory at 0x7ffdd1f90000 of 64 bytes failed: Only part of a ReadProcessMemory or WriteProcessMemory request was completed. (0x12B)
[0108/000911.485:WARNING:pe_image_reader.cc(340)] could not read dos header from C:\WINDOWS\SYSTEM32\DWrite.dll
[0108/000911.485:ERROR:process_memory_win.cc(73)] ReadMemory at 0x7ffdbf400000 of 64 bytes failed: Only part of a ReadProcessMemory or WriteProcessMemory request was completed. (0x12B)
[0108/000911.486:WARNING:pe_image_reader.cc(340)] could not read dos header from C:\WINDOWS\SYSTEM32\WINSPOOL.DRV
[0108/000911.486:ERROR:process_memory_win.cc(73)] ReadMemory at 0x7ffdbf400000 of 64 bytes failed: Only part of a ReadProcessMemory or WriteProcessMemory request was completed. (0x12B)
[0108/000911.486:WARNING:pe_image_reader.cc(340)] could not read dos header from C:\WINDOWS\SYSTEM32\WINSPOOL.DRV
[0108/000911.486:ERROR:process_memory_win.cc(73)] ReadMemory at 0x7ffddd600000 of 64 bytes failed: Only part of a ReadProcessMemory or WriteProcessMemory request was completed. (0x12B)
[0108/000911.486:WARNING:pe_image_reader.cc(340)] could not read dos header from C:\WINDOWS\SYSTEM32\WINHTTP.dll
[0108/000911.486:ERROR:process_memory_win.cc(73)] ReadMemory at 0x7ffddd600000 of 64 bytes failed: Only part of a ReadProcessMemory or WriteProcessMemory request was completed. (0x12B)
[0108/000911.486:WARNING:pe_image_reader.cc(340)] could not read dos header from C:\WINDOWS\SYSTEM32\WINHTTP.dll
[0108/000911.486:ERROR:process_memory_win.cc(73)] ReadMemory at 0x7ffdd9b00000 of 64 bytes failed: Only part of a ReadProcessMemory or WriteProcessMemory request was completed. (0x12B)
[0108/000911.486:WARNING:pe_image_reader.cc(340)] could not read dos header from C:\WINDOWS\SYSTEM32\dhcpcsvc.DLL
[0108/000911.486:ERROR:process_memory_win.cc(73)] ReadMemory at 0x7ffdd9b00000 of 64 bytes failed: Only part of a ReadProcessMemory or WriteProcessMemory request was completed. (0x12B)
[0108/000911.486:WARNING:pe_image_reader.cc(340)] could not read dos header from C:\WINDOWS\SYSTEM32\dhcpcsvc.DLL
[0108/000911.486:ERROR:process_memory_win.cc(73)] ReadMemory at 0x7ffdda890000 of 64 bytes failed: Only part of a ReadProcessMemory or WriteProcessMemory request was completed. (0x12B)
[0108/000911.487:WARNING:pe_image_reader.cc(340)] could not read dos header from C:\WINDOWS\SYSTEM32\PROPSYS.dll
[0108/000911.487:ERROR:process_memory_win.cc(73)] ReadMemory at 0x7ffdda890000 of 64 bytes failed: Only part of a ReadProcessMemory or WriteProcessMemory request was completed. (0x12B)
[0108/000911.487:WARNING:pe_image_reader.cc(340)] could not read dos header from C:\WINDOWS\SYSTEM32\PROPSYS.dll
[0108/000911.487:ERROR:process_memory_win.cc(73)] ReadMemory at 0x7ffde0a20000 of 64 bytes failed: Only part of a ReadProcessMemory or WriteProcessMemory request was completed. (0x12B)
[0108/000911.487:WARNING:pe_image_reader.cc(340)] could not read dos header from C:\WINDOWS\SYSTEM32\SSPICLI.DLL
[0108/000911.487:ERROR:process_memory_win.cc(73)] ReadMemory at 0x7ffde0a20000 of 64 bytes failed: Only part of a ReadProcessMemory or WriteProcessMemory request was completed. (0x12B)
[0108/000911.487:WARNING:pe_image_reader.cc(340)] could not read dos header from C:\WINDOWS\SYSTEM32\SSPICLI.DLL
[0108/000911.487:ERROR:process_memory_win.cc(73)] ReadMemory at 0x7ffde0690000 of 64 bytes failed: Only part of a ReadProcessMemory or WriteProcessMemory request was completed. (0x12B)
[0108/000911.487:WARNING:pe_image_reader.cc(340)] could not read dos header from C:\WINDOWS\System32\MSASN1.dll
[0108/000911.487:ERROR:process_memory_win.cc(73)] ReadMemory at 0x7ffde0690000 of 64 bytes failed: Only part of a ReadProcessMemory or WriteProcessMemory request was completed. (0x12B)
[0108/000911.487:WARNING:pe_image_reader.cc(340)] could not read dos header from C:\WINDOWS\System32\MSASN1.dll
[0108/000911.487:ERROR:process_memory_win.cc(73)] ReadMemory at 0x7ffde13b0000 of 64 bytes failed: Only part of a ReadProcessMemory or WriteProcessMemory request was completed. (0x12B)
[0108/000911.487:WARNING:pe_image_reader.cc(340)] could not read dos header from C:\WINDOWS\System32\bcryptPrimitives.dll
[0108/000911.488:ERROR:process_memory_win.cc(73)] ReadMemory at 0x7ffde13b0000 of 64 bytes failed: Only part of a ReadProcessMemory or WriteProcessMemory request was completed. (0x12B)
[0108/000911.488:WARNING:pe_image_reader.cc(340)] could not read dos header from C:\WINDOWS\System32\bcryptPrimitives.dll
[0108/000911.488:ERROR:process_memory_win.cc(73)] ReadMemory at 0x7ffde0480000 of 64 bytes failed: Only part of a ReadProcessMemory or WriteProcessMemory request was completed. (0x12B)
[0108/000911.488:WARNING:pe_image_reader.cc(340)] could not read dos header from C:\WINDOWS\SYSTEM32\CRYPTBASE.DLL
[0108/000911.488:ERROR:process_memory_win.cc(73)] ReadMemory at 0x7ffde0480000 of 64 bytes failed: Only part of a ReadProcessMemory or WriteProcessMemory request was completed. (0x12B)
[0108/000911.488:WARNING:pe_image_reader.cc(340)] could not read dos header from C:\WINDOWS\SYSTEM32\CRYPTBASE.DLL
[0108/000911.940:ERROR:process_memory_win.cc(73)] ReadMemory at 0x7ff764e80000 of 64 bytes failed: Only part of a ReadProcessMemory or WriteProcessMemory request was completed. (0x12B)
[0108/000911.941:WARNING:pe_image_reader.cc(340)] could not read dos header from C:\Program Files (x86)\Google\Chrome\Application\chrome.exe
[0108/000911.941:ERROR:process_memory_win.cc(73)] ReadMemory at 0x7ffde3430000 of 64 bytes failed: Only part of a ReadProcessMemory or WriteProcessMemory request was completed. (0x12B)
[0108/000911.941:WARNING:pe_image_reader.cc(340)] could not read dos header from C:\WINDOWS\SYSTEM32\ntdll.dll
[0108/000911.941:ERROR:process_memory_win.cc(73)] ReadMemory at 0x7ffde1b90000 of 64 bytes failed: Only part of a ReadProcessMemory or WriteProcessMemory request was completed. (0x12B)
[0108/000911.941:WARNING:pe_image_reader.cc(340)] could not read dos header from C:\WINDOWS\System32\KERNEL32.DLL
[0108/000911.941:ERROR:process_memory_win.cc(73)] ReadMemory at 0x7ffde0bf0000 of 64 bytes failed: Only part of a ReadProcessMemory or WriteProcessMemory request was completed. (0x12B)
[0108/000911.941:WARNING:pe_image_reader.cc(340)] could not read dos header from C:\WINDOWS\System32\KERNELBASE.dll
[0108/000911.941:ERROR:process_memory_win.cc(73)] ReadMemory at 0x7ffdacb40000 of 64 bytes failed: Only part of a ReadProcessMemory or WriteProcessMemory request was completed. (0x12B)
[0108/000911.941:WARNING:pe_image_reader.cc(340)] could not read dos header from C:\Program Files (x86)\Google\Chrome\Application\87.0.4280.88\chrome_elf.dll
[0108/000911.941:ERROR:process_memory_win.cc(73)] ReadMemory at 0x7ffddce50000 of 64 bytes failed: Only part of a ReadProcessMemory or WriteProcessMemory request was completed. (0x12B)
[0108/000911.941:WARNING:pe_image_reader.cc(340)] could not read dos header from C:\WINDOWS\SYSTEM32\VERSION.dll
[0108/000911.942:ERROR:process_memory_win.cc(73)] ReadMemory at 0x7ffde1530000 of 64 bytes failed: Only part of a ReadProcessMemory or WriteProcessMemory request was completed. (0x12B)
[0108/000911.942:WARNING:pe_image_reader.cc(340)] could not read dos header from C:\WINDOWS\System32\msvcrt.dll
[0108/000911.942:ERROR:process_memory_win.cc(73)] ReadMemory at 0x7ffde15d0000 of 64 bytes failed: Only part of a ReadProcessMemory or WriteProcessMemory request was completed. (0x12B)
[0108/000911.942:WARNING:pe_image_reader.cc(340)] could not read dos header from C:\WINDOWS\System32\ADVAPI32.dll
[0108/000911.942:ERROR:process_memory_win.cc(73)] ReadMemory at 0x7ffde2e00000 of 64 bytes failed: Only part of a ReadProcessMemory or WriteProcessMemory request was completed. (0x12B)
[0108/000911.942:WARNING:pe_image_reader.cc(340)] could not read dos header from C:\WINDOWS\System32\sechost.dll
[0108/000911.942:ERROR:process_memory_win.cc(73)] ReadMemory at 0x7ffde2ae0000 of 64 bytes failed: Only part of a ReadProcessMemory or WriteProcessMemory request was completed. (0x12B)
[0108/000911.942:WARNING:pe_image_reader.cc(340)] could not read dos header from C:\WINDOWS\System32\RPCRT4.dll
[0108/000911.942:ERROR:process_memory_win.cc(73)] ReadMemory at 0x7ffd87880000 of 64 bytes failed: Only part of a ReadProcessMemory or WriteProcessMemory request was completed. (0x12B)
[0108/000911.942:WARNING:pe_image_reader.cc(340)] could not read dos header from C:\Program Files (x86)\Google\Chrome\Application\87.0.4280.88\chrome.dll
[0108/000911.942:ERROR:process_memory_win.cc(73)] ReadMemory at 0x7ffde1cb0000 of 64 bytes failed: Only part of a ReadProcessMemory or WriteProcessMemory request was completed. (0x12B)
[0108/000911.942:WARNING:pe_image_reader.cc(340)] could not read dos header from C:\WINDOWS\System32\WS2_32.dll
[0108/000911.943:ERROR:process_memory_win.cc(73)] ReadMemory at 0x7ffde2c10000 of 64 bytes failed: Only part of a ReadProcessMemory or WriteProcessMemory request was completed. (0x12B)
[0108/000911.943:WARNING:pe_image_reader.cc(340)] could not read dos header from C:\WINDOWS\System32\OLEAUT32.dll
[0108/000911.943:ERROR:process_memory_win.cc(73)] ReadMemory at 0x7ffde1000000 of 64 bytes failed: Only part of a ReadProcessMemory or WriteProcessMemory request was completed. (0x12B)
[0108/000911.943:WARNING:pe_image_reader.cc(340)] could not read dos header from C:\WINDOWS\System32\msvcp_win.dll
[0108/000911.943:ERROR:process_memory_win.cc(73)] ReadMemory at 0x7ffde12b0000 of 64 bytes failed: Only part of a ReadProcessMemory or WriteProcessMemory request was completed. (0x12B)
[0108/000911.943:WARNING:pe_image_reader.cc(340)] could not read dos header from C:\WINDOWS\System32\ucrtbase.dll
[0108/000911.943:ERROR:process_memory_win.cc(73)] ReadMemory at 0x7ffde1830000 of 64 bytes failed: Only part of a ReadProcessMemory or WriteProcessMemory request was completed. (0x12B)
[0108/000911.943:WARNING:pe_image_reader.cc(340)] could not read dos header from C:\WINDOWS\System32\combase.dll
[0108/000911.943:ERROR:process_memory_win.cc(73)] ReadMemory at 0x7ffde1430000 of 64 bytes failed: Only part of a ReadProcessMemory or WriteProcessMemory request was completed. (0x12B)
[0108/000911.943:WARNING:pe_image_reader.cc(340)] could not read dos header from C:\WINDOWS\System32\WINTRUST.dll
[0108/000911.943:ERROR:process_memory_win.cc(73)] ReadMemory at 0x7ffde10a0000 of 64 bytes failed: Only part of a ReadProcessMemory or WriteProcessMemory request was completed. (0x12B)
[0108/000911.943:WARNING:pe_image_reader.cc(340)] could not read dos header from C:\WINDOWS\System32\CRYPT32.dll
[0108/000911.944:ERROR:process_memory_win.cc(73)] ReadMemory at 0x7ffddf4f0000 of 64 bytes failed: Only part of a ReadProcessMemory or WriteProcessMemory request was completed. (0x12B)
[0108/000911.944:WARNING:pe_image_reader.cc(340)] could not read dos header from C:\WINDOWS\SYSTEM32\dbghelp.dll
[0108/000911.944:ERROR:process_memory_win.cc(73)] ReadMemory at 0x7ffddff80000 of 64 bytes failed: Only part of a ReadProcessMemory or WriteProcessMemory request was completed. (0x12B)
[0108/000911.944:WARNING:pe_image_reader.cc(340)] could not read dos header from C:\WINDOWS\SYSTEM32\IPHLPAPI.DLL
[0108/000911.944:ERROR:process_memory_win.cc(73)] ReadMemory at 0x7ffdd9850000 of 64 bytes failed: Only part of a ReadProcessMemory or WriteProcessMemory request was completed. (0x12B)
[0108/000911.944:WARNING:pe_image_reader.cc(340)] could not read dos header from C:\WINDOWS\SYSTEM32\WINMM.dll
[0108/000911.944:ERROR:process_memory_win.cc(73)] ReadMemory at 0x7ffdb9220000 of 64 bytes failed: Only part of a ReadProcessMemory or WriteProcessMemory request was completed. (0x12B)
[0108/000911.944:WARNING:pe_image_reader.cc(340)] could not read dos header from C:\WINDOWS\SYSTEM32\UIAutomationCore.DLL
[0108/000911.944:ERROR:process_memory_win.cc(73)] ReadMemory at 0x7ffdd12a0000 of 64 bytes failed: Only part of a ReadProcessMemory or WriteProcessMemory request was completed. (0x12B)
[0108/000911.944:WARNING:pe_image_reader.cc(340)] could not read dos header from C:\WINDOWS\SYSTEM32\Secur32.dll
[0108/000911.944:ERROR:process_memory_win.cc(73)] ReadMemory at 0x7ffde0a60000 of 64 bytes failed: Only part of a ReadProcessMemory or WriteProcessMemory request was completed. (0x12B)
[0108/000911.944:WARNING:pe_image_reader.cc(340)] could not read dos header from C:\WINDOWS\SYSTEM32\USERENV.dll
[0108/000911.944:ERROR:process_memory_win.cc(73)] ReadMemory at 0x7ffdd1f90000 of 64 bytes failed: Only part of a ReadProcessMemory or WriteProcessMemory request was completed. (0x12B)
[0108/000911.944:WARNING:pe_image_reader.cc(340)] could not read dos header from C:\WINDOWS\SYSTEM32\DWrite.dll
[0108/000911.944:ERROR:process_memory_win.cc(73)] ReadMemory at 0x7ffdbf400000 of 64 bytes failed: Only part of a ReadProcessMemory or WriteProcessMemory request was completed. (0x12B)
[0108/000911.944:WARNING:pe_image_reader.cc(340)] could not read dos header from C:\WINDOWS\SYSTEM32\WINSPOOL.DRV
[0108/000911.945:ERROR:process_memory_win.cc(73)] ReadMemory at 0x7ffddd600000 of 64 bytes failed: Only part of a ReadProcessMemory or WriteProcessMemory request was completed. (0x12B)
[0108/000911.945:WARNING:pe_image_reader.cc(340)] could not read dos header from C:\WINDOWS\SYSTEM32\WINHTTP.dll
[0108/000911.945:ERROR:process_memory_win.cc(73)] ReadMemory at 0x7ffdd9b00000 of 64 bytes failed: Only part of a ReadProcessMemory or WriteProcessMemory request was completed. (0x12B)
[0108/000911.945:WARNING:pe_image_reader.cc(340)] could not read dos header from C:\WINDOWS\SYSTEM32\dhcpcsvc.DLL
[0108/000911.945:ERROR:process_memory_win.cc(73)] ReadMemory at 0x7ffdda890000 of 64 bytes failed: Only part of a ReadProcessMemory or WriteProcessMemory request was completed. (0x12B)
[0108/000911.945:WARNING:pe_image_reader.cc(340)] could not read dos header from C:\WINDOWS\SYSTEM32\PROPSYS.dll
[0108/000911.945:ERROR:process_memory_win.cc(73)] ReadMemory at 0x7ffde0a20000 of 64 bytes failed: Only part of a ReadProcessMemory or WriteProcessMemory request was completed. (0x12B)
[0108/000911.945:WARNING:pe_image_reader.cc(340)] could not read dos header from C:\WINDOWS\SYSTEM32\SSPICLI.DLL
[0108/000911.945:ERROR:process_memory_win.cc(73)] ReadMemory at 0x7ffde0690000 of 64 bytes failed: Only part of a ReadProcessMemory or WriteProcessMemory request was completed. (0x12B)
[0108/000911.945:WARNING:pe_image_reader.cc(340)] could not read dos header from C:\WINDOWS\System32\MSASN1.dll
[0108/000911.945:ERROR:process_memory_win.cc(73)] ReadMemory at 0x7ffde13b0000 of 64 bytes failed: Only part of a ReadProcessMemory or WriteProcessMemory request was completed. (0x12B)
[0108/000911.945:WARNING:pe_image_reader.cc(340)] could not read dos header from C:\WINDOWS\System32\bcryptPrimitives.dll
[0108/000911.945:ERROR:process_memory_win.cc(73)] ReadMemory at 0x7ffde0480000 of 64 bytes failed: Only part of a ReadProcessMemory or WriteProcessMemory request was completed. (0x12B)
[0108/000911.945:WARNING:pe_image_reader.cc(340)] could not read dos header from C:\WINDOWS\SYSTEM32\CRYPTBASE.DLL
[0108/000911.952:ERROR:process_memory_win.cc(73)] ReadMemory at 0x7ff764e80000 of 64 bytes failed: Only part of a ReadProcessMemory or WriteProcessMemory request was completed. (0x12B)
[0108/000911.952:WARNING:pe_image_reader.cc(340)] could not read dos header from C:\Program Files (x86)\Google\Chrome\Application\chrome.exe
[0108/000911.952:ERROR:process_memory_win.cc(73)] ReadMemory at 0x7ffde3430000 of 64 bytes failed: Only part of a ReadProcessMemory or WriteProcessMemory request was completed. (0x12B)
[0108/000911.952:WARNING:pe_image_reader.cc(340)] could not read dos header from C:\WINDOWS\SYSTEM32\ntdll.dll
[0108/000911.952:ERROR:process_memory_win.cc(73)] ReadMemory at 0x7ffde1b90000 of 64 bytes failed: Only part of a ReadProcessMemory or WriteProcessMemory request was completed. (0x12B)
[0108/000911.952:WARNING:pe_image_reader.cc(340)] could not read dos header from C:\WINDOWS\System32\KERNEL32.DLL
[0108/000911.952:ERROR:process_memory_win.cc(73)] ReadMemory at 0x7ffde0bf0000 of 64 bytes failed: Only part of a ReadProcessMemory or WriteProcessMemory request was completed. (0x12B)
[0108/000911.953:WARNING:pe_image_reader.cc(340)] could not read dos header from C:\WINDOWS\System32\KERNELBASE.dll
[0108/000911.953:ERROR:process_memory_win.cc(73)] ReadMemory at 0x7ffdacb40000 of 64 bytes failed: Only part of a ReadProcessMemory or WriteProcessMemory request was completed. (0x12B)
[0108/000911.953:WARNING:pe_image_reader.cc(340)] could not read dos header from C:\Program Files (x86)\Google\Chrome\Application\87.0.4280.88\chrome_elf.dll
[0108/000911.953:ERROR:process_memory_win.cc(73)] ReadMemory at 0x7ffddce50000 of 64 bytes failed: Only part of a ReadProcessMemory or WriteProcessMemory request was completed. (0x12B)
[0108/000911.953:WARNING:pe_image_reader.cc(340)] could not read dos header from C:\WINDOWS\SYSTEM32\VERSION.dll
[0108/000911.953:ERROR:process_memory_win.cc(73)] ReadMemory at 0x7ffde1530000 of 64 bytes failed: Only part of a ReadProcessMemory or WriteProcessMemory request was completed. (0x12B)
[0108/000911.953:WARNING:pe_image_reader.cc(340)] could not read dos header from C:\WINDOWS\System32\msvcrt.dll
[0108/000911.953:ERROR:process_memory_win.cc(73)] ReadMemory at 0x7ffde15d0000 of 64 bytes failed: Only part of a ReadProcessMemory or WriteProcessMemory request was completed. (0x12B)
[0108/000911.953:WARNING:pe_image_reader.cc(340)] could not read dos header from C:\WINDOWS\System32\ADVAPI32.dll
[0108/000911.953:ERROR:process_memory_win.cc(73)] ReadMemory at 0x7ffde2e00000 of 64 bytes failed: Only part of a ReadProcessMemory or WriteProcessMemory request was completed. (0x12B)
[0108/000911.953:WARNING:pe_image_reader.cc(340)] could not read dos header from C:\WINDOWS\System32\sechost.dll
[0108/000911.953:ERROR:process_memory_win.cc(73)] ReadMemory at 0x7ffde2ae0000 of 64 bytes failed: Only part of a ReadProcessMemory or WriteProcessMemory request was completed. (0x12B)
[0108/000911.953:WARNING:pe_image_reader.cc(340)] could not read dos header from C:\WINDOWS\System32\RPCRT4.dll
[0108/000911.953:ERROR:process_memory_win.cc(73)] ReadMemory at 0x7ffd87880000 of 64 bytes failed: Only part of a ReadProcessMemory or WriteProcessMemory request was completed. (0x12B)
[0108/000911.953:WARNING:pe_image_reader.cc(340)] could not read dos header from C:\Program Files (x86)\Google\Chrome\Application\87.0.4280.88\chrome.dll
[0108/000911.953:ERROR:process_memory_win.cc(73)] ReadMemory at 0x7ffde1cb0000 of 64 bytes failed: Only part of a ReadProcessMemory or WriteProcessMemory request was completed. (0x12B)
[0108/000911.953:WARNING:pe_image_reader.cc(340)] could not read dos header from C:\WINDOWS\System32\WS2_32.dll
[0108/000911.953:ERROR:process_memory_win.cc(73)] ReadMemory at 0x7ffde2c10000 of 64 bytes failed: Only part of a ReadProcessMemory or WriteProcessMemory request was completed. (0x12B)
[0108/000911.953:WARNING:pe_image_reader.cc(340)] could not read dos header from C:\WINDOWS\System32\OLEAUT32.dll
[0108/000911.954:ERROR:process_memory_win.cc(73)] ReadMemory at 0x7ffde1000000 of 64 bytes failed: Only part of a ReadProcessMemory or WriteProcessMemory request was completed. (0x12B)
[0108/000911.954:WARNING:pe_image_reader.cc(340)] could not read dos header from C:\WINDOWS\System32\msvcp_win.dll
[0108/000911.954:ERROR:process_memory_win.cc(73)] ReadMemory at 0x7ffde12b0000 of 64 bytes failed: Only part of a ReadProcessMemory or WriteProcessMemory request was completed. (0x12B)
[0108/000911.954:WARNING:pe_image_reader.cc(340)] could not read dos header from C:\WINDOWS\System32\ucrtbase.dll
[0108/000911.954:ERROR:process_memory_win.cc(73)] ReadMemory at 0x7ffde1830000 of 64 bytes failed: Only part of a ReadProcessMemory or WriteProcessMemory request was completed. (0x12B)
[0108/000911.954:WARNING:pe_image_reader.cc(340)] could not read dos header from C:\WINDOWS\System32\combase.dll
[0108/000911.954:ERROR:process_memory_win.cc(73)] ReadMemory at 0x7ffde1430000 of 64 bytes failed: Only part of a ReadProcessMemory or WriteProcessMemory request was completed. (0x12B)
[0108/000911.954:WARNING:pe_image_reader.cc(340)] could not read dos header from C:\WINDOWS\System32\WINTRUST.dll
[0108/000911.954:ERROR:process_memory_win.cc(73)] ReadMemory at 0x7ffde10a0000 of 64 bytes failed: Only part of a ReadProcessMemory or WriteProcessMemory request was completed. (0x12B)
[0108/000911.954:WARNING:pe_image_reader.cc(340)] could not read dos header from C:\WINDOWS\System32\CRYPT32.dll
[0108/000911.954:ERROR:process_memory_win.cc(73)] ReadMemory at 0x7ffddf4f0000 of 64 bytes failed: Only part of a ReadProcessMemory or WriteProcessMemory request was completed. (0x12B)
[0108/000911.954:WARNING:pe_image_reader.cc(340)] could not read dos header from C:\WINDOWS\SYSTEM32\dbghelp.dll
[0108/000911.954:ERROR:process_memory_win.cc(73)] ReadMemory at 0x7ffddff80000 of 64 bytes failed: Only part of a ReadProcessMemory or WriteProcessMemory request was completed. (0x12B)
[0108/000911.954:WARNING:pe_image_reader.cc(340)] could not read dos header from C:\WINDOWS\SYSTEM32\IPHLPAPI.DLL
[0108/000911.954:ERROR:process_memory_win.cc(73)] ReadMemory at 0x7ffdd9850000 of 64 bytes failed: Only part of a ReadProcessMemory or WriteProcessMemory request was completed. (0x12B)
[0108/000911.955:WARNING:pe_image_reader.cc(340)] could not read dos header from C:\WINDOWS\SYSTEM32\WINMM.dll
[0108/000911.955:ERROR:process_memory_win.cc(73)] ReadMemory at 0x7ffdb9220000 of 64 bytes failed: Only part of a ReadProcessMemory or WriteProcessMemory request was completed. (0x12B)
[0108/000911.955:WARNING:pe_image_reader.cc(340)] could not read dos header from C:\WINDOWS\SYSTEM32\UIAutomationCore.DLL
[0108/000911.955:ERROR:process_memory_win.cc(73)] ReadMemory at 0x7ffdd12a0000 of 64 bytes failed: Only part of a ReadProcessMemory or WriteProcessMemory request was completed. (0x12B)
[0108/000911.955:WARNING:pe_image_reader.cc(340)] could not read dos header from C:\WINDOWS\SYSTEM32\Secur32.dll
[0108/000911.955:ERROR:process_memory_win.cc(73)] ReadMemory at 0x7ffde0a60000 of 64 bytes failed: Only part of a ReadProcessMemory or WriteProcessMemory request was completed. (0x12B)
[0108/000911.955:WARNING:pe_image_reader.cc(340)] could not read dos header from C:\WINDOWS\SYSTEM32\USERENV.dll
[0108/000911.955:ERROR:process_memory_win.cc(73)] ReadMemory at 0x7ffdd1f90000 of 64 bytes failed: Only part of a ReadProcessMemory or WriteProcessMemory request was completed. (0x12B)
[0108/000911.955:WARNING:pe_image_reader.cc(340)] could not read dos header from C:\WINDOWS\SYSTEM32\DWrite.dll
[0108/000911.955:ERROR:process_memory_win.cc(73)] ReadMemory at 0x7ffdbf400000 of 64 bytes failed: Only part of a ReadProcessMemory or WriteProcessMemory request was completed. (0x12B)
[0108/000911.955:WARNING:pe_image_reader.cc(340)] could not read dos header from C:\WINDOWS\SYSTEM32\WINSPOOL.DRV
[0108/000911.955:ERROR:process_memory_win.cc(73)] ReadMemory at 0x7ffddd600000 of 64 bytes failed: Only part of a ReadProcessMemory or WriteProcessMemory request was completed. (0x12B)
[0108/000911.955:WARNING:pe_image_reader.cc(340)] could not read dos header from C:\WINDOWS\SYSTEM32\WINHTTP.dll
[0108/000911.955:ERROR:process_memory_win.cc(73)] ReadMemory at 0x7ffdd9b00000 of 64 bytes failed: Only part of a ReadProcessMemory or WriteProcessMemory request was completed. (0x12B)
[0108/000911.955:WARNING:pe_image_reader.cc(340)] could not read dos header from C:\WINDOWS\SYSTEM32\dhcpcsvc.DLL
[0108/000911.955:ERROR:process_memory_win.cc(73)] ReadMemory at 0x7ffdda890000 of 64 bytes failed: Only part of a ReadProcessMemory or WriteProcessMemory request was completed. (0x12B)
[0108/000911.955:WARNING:pe_image_reader.cc(340)] could not read dos header from C:\WINDOWS\SYSTEM32\PROPSYS.dll
[0108/000911.955:ERROR:process_memory_win.cc(73)] ReadMemory at 0x7ffde0a20000 of 64 bytes failed: Only part of a ReadProcessMemory or WriteProcessMemory request was completed. (0x12B)
[0108/000911.955:WARNING:pe_image_reader.cc(340)] could not read dos header from C:\WINDOWS\SYSTEM32\SSPICLI.DLL
[0108/000911.956:ERROR:process_memory_win.cc(73)] ReadMemory at 0x7ffde0690000 of 64 bytes failed: Only part of a ReadProcessMemory or WriteProcessMemory request was completed. (0x12B)
[0108/000911.956:WARNING:pe_image_reader.cc(340)] could not read dos header from C:\WINDOWS\System32\MSASN1.dll
[0108/000911.956:ERROR:process_memory_win.cc(73)] ReadMemory at 0x7ffde13b0000 of 64 bytes failed: Only part of a ReadProcessMemory or WriteProcessMemory request was completed. (0x12B)
[0108/000911.956:WARNING:pe_image_reader.cc(340)] could not read dos header from C:\WINDOWS\System32\bcryptPrimitives.dll
[0108/000911.956:ERROR:process_memory_win.cc(73)] ReadMemory at 0x7ffde0480000 of 64 bytes failed: Only part of a ReadProcessMemory or WriteProcessMemory request was completed. (0x12B)
[0108/000911.956:WARNING:pe_image_reader.cc(340)] could not read dos header from C:\WINDOWS\SYSTEM32\CRYPTBASE.DLL
[0108/000911.956:ERROR:process_memory_win.cc(73)] ReadMemory at 0x7ff764e80000 of 64 bytes failed: Only part of a ReadProcessMemory or WriteProcessMemory request was completed. (0x12B)
[0108/000911.956:WARNING:pe_image_reader.cc(340)] could not read dos header from C:\Program Files (x86)\Google\Chrome\Application\chrome.exe
[0108/000911.956:ERROR:process_memory_win.cc(73)] ReadMemory at 0x7ffde3430000 of 64 bytes failed: Only part of a ReadProcessMemory or WriteProcessMemory request was completed. (0x12B)
[0108/000911.956:WARNING:pe_image_reader.cc(340)] could not read dos header from C:\WINDOWS\SYSTEM32\ntdll.dll
[0108/000911.956:ERROR:process_memory_win.cc(73)] ReadMemory at 0x7ffde1b90000 of 64 bytes failed: Only part of a ReadProcessMemory or WriteProcessMemory request was completed. (0x12B)
[0108/000911.956:WARNING:pe_image_reader.cc(340)] could not read dos header from C:\WINDOWS\System32\KERNEL32.DLL
[0108/000911.956:ERROR:process_memory_win.cc(73)] ReadMemory at 0x7ffde0bf0000 of 64 bytes failed: Only part of a ReadProcessMemory or WriteProcessMemory request was completed. (0x12B)
[0108/000911.956:WARNING:pe_image_reader.cc(340)] could not read dos header from C:\WINDOWS\System32\KERNELBASE.dll
[0108/000911.956:ERROR:process_memory_win.cc(73)] ReadMemory at 0x7ffdacb40000 of 64 bytes failed: Only part of a ReadProcessMemory or WriteProcessMemory request was completed. (0x12B)
[0108/000911.956:WARNING:pe_image_reader.cc(340)] could not read dos header from C:\Program Files (x86)\Google\Chrome\Application\87.0.4280.88\chrome_elf.dll
[0108/000911.956:ERROR:process_memory_win.cc(73)] ReadMemory at 0x7ffddce50000 of 64 bytes failed: Only part of a ReadProcessMemory or WriteProcessMemory request was completed. (0x12B)
[0108/000911.956:WARNING:pe_image_reader.cc(340)] could not read dos header from C:\WINDOWS\SYSTEM32\VERSION.dll
[0108/000911.956:ERROR:process_memory_win.cc(73)] ReadMemory at 0x7ffde1530000 of 64 bytes failed: Only part of a ReadProcessMemory or WriteProcessMemory request was completed. (0x12B)
[0108/000911.956:WARNING:pe_image_reader.cc(340)] could not read dos header from C:\WINDOWS\System32\msvcrt.dll
[0108/000911.957:ERROR:process_memory_win.cc(73)] ReadMemory at 0x7ffde15d0000 of 64 bytes failed: Only part of a ReadProcessMemory or WriteProcessMemory request was completed. (0x12B)
[0108/000911.957:WARNING:pe_image_reader.cc(340)] could not read dos header from C:\WINDOWS\System32\ADVAPI32.dll
[0108/000911.957:ERROR:process_memory_win.cc(73)] ReadMemory at 0x7ffde2e00000 of 64 bytes failed: Only part of a ReadProcessMemory or WriteProcessMemory request was completed. (0x12B)
[0108/000911.957:WARNING:pe_image_reader.cc(340)] could not read dos header from C:\WINDOWS\System32\sechost.dll
[0108/000911.957:ERROR:process_memory_win.cc(73)] ReadMemory at 0x7ffde2ae0000 of 64 bytes failed: Only part of a ReadProcessMemory or WriteProcessMemory request was completed. (0x12B)
[0108/000911.957:WARNING:pe_image_reader.cc(340)] could not read dos header from C:\WINDOWS\System32\RPCRT4.dll
[0108/000911.957:ERROR:process_memory_win.cc(73)] ReadMemory at 0x7ffd87880000 of 64 bytes failed: Only part of a ReadProcessMemory or WriteProcessMemory request was completed. (0x12B)
[0108/000911.957:WARNING:pe_image_reader.cc(340)] could not read dos header from C:\Program Files (x86)\Google\Chrome\Application\87.0.4280.88\chrome.dll
[0108/000911.957:ERROR:process_memory_win.cc(73)] ReadMemory at 0x7ffde1cb0000 of 64 bytes failed: Only part of a ReadProcessMemory or WriteProcessMemory request was completed. (0x12B)
[0108/000911.957:WARNING:pe_image_reader.cc(340)] could not read dos header from C:\WINDOWS\System32\WS2_32.dll
[0108/000911.957:ERROR:process_memory_win.cc(73)] ReadMemory at 0x7ffde2c10000 of 64 bytes failed: Only part of a ReadProcessMemory or WriteProcessMemory request was completed. (0x12B)
[0108/000911.957:WARNING:pe_image_reader.cc(340)] could not read dos header from C:\WINDOWS\System32\OLEAUT32.dll
[0108/000911.957:ERROR:process_memory_win.cc(73)] ReadMemory at 0x7ffde1000000 of 64 bytes failed: Only part of a ReadProcessMemory or WriteProcessMemory request was completed. (0x12B)
[0108/000911.957:WARNING:pe_image_reader.cc(340)] could not read dos header from C:\WINDOWS\System32\msvcp_win.dll
[0108/000911.957:ERROR:process_memory_win.cc(73)] ReadMemory at 0x7ffde12b0000 of 64 bytes failed: Only part of a ReadProcessMemory or WriteProcessMemory request was completed. (0x12B)
[0108/000911.957:WARNING:pe_image_reader.cc(340)] could not read dos header from C:\WINDOWS\System32\ucrtbase.dll
[0108/000911.957:ERROR:process_memory_win.cc(73)] ReadMemory at 0x7ffde1830000 of 64 bytes failed: Only part of a ReadProcessMemory or WriteProcessMemory request was completed. (0x12B)
[0108/000911.957:WARNING:pe_image_reader.cc(340)] could not read dos header from C:\WINDOWS\System32\combase.dll
[0108/000911.957:ERROR:process_memory_win.cc(73)] ReadMemory at 0x7ffde1430000 of 64 bytes failed: Only part of a ReadProcessMemory or WriteProcessMemory request was completed. (0x12B)
[0108/000911.957:WARNING:pe_image_reader.cc(340)] could not read dos header from C:\WINDOWS\System32\WINTRUST.dll
[0108/000911.957:ERROR:process_memory_win.cc(73)] ReadMemory at 0x7ffde10a0000 of 64 bytes failed: Only part of a ReadProcessMemory or WriteProcessMemory request was completed. (0x12B)
[0108/000911.958:WARNING:pe_image_reader.cc(340)] could not read dos header from C:\WINDOWS\System32\CRYPT32.dll
[0108/000911.958:ERROR:process_memory_win.cc(73)] ReadMemory at 0x7ffddf4f0000 of 64 bytes failed: Only part of a ReadProcessMemory or WriteProcessMemory request was completed. (0x12B)
[0108/000911.958:WARNING:pe_image_reader.cc(340)] could not read dos header from C:\WINDOWS\SYSTEM32\dbghelp.dll
[0108/000911.958:ERROR:process_memory_win.cc(73)] ReadMemory at 0x7ffddff80000 of 64 bytes failed: Only part of a ReadProcessMemory or WriteProcessMemory request was completed. (0x12B)
[0108/000911.958:WARNING:pe_image_reader.cc(340)] could not read dos header from C:\WINDOWS\SYSTEM32\IPHLPAPI.DLL
[0108/000911.958:ERROR:process_memory_win.cc(73)] ReadMemory at 0x7ffdd9850000 of 64 bytes failed: Only part of a ReadProcessMemory or WriteProcessMemory request was completed. (0x12B)
[0108/000911.958:WARNING:pe_image_reader.cc(340)] could not read dos header from C:\WINDOWS\SYSTEM32\WINMM.dll
[0108/000911.958:ERROR:process_memory_win.cc(73)] ReadMemory at 0x7ffdb9220000 of 64 bytes failed: Only part of a ReadProcessMemory or WriteProcessMemory request was completed. (0x12B)
[0108/000911.958:WARNING:pe_image_reader.cc(340)] could not read dos header from C:\WINDOWS\SYSTEM32\UIAutomationCore.DLL
[0108/000911.958:ERROR:process_memory_win.cc(73)] ReadMemory at 0x7ffdd12a0000 of 64 bytes failed: Only part of a ReadProcessMemory or WriteProcessMemory request was completed. (0x12B)
[0108/000911.958:WARNING:pe_image_reader.cc(340)] could not read dos header from C:\WINDOWS\SYSTEM32\Secur32.dll
[0108/000911.958:ERROR:process_memory_win.cc(73)] ReadMemory at 0x7ffde0a60000 of 64 bytes failed: Only part of a ReadProcessMemory or WriteProcessMemory request was completed. (0x12B)
[0108/000911.958:WARNING:pe_image_reader.cc(340)] could not read dos header from C:\WINDOWS\SYSTEM32\USERENV.dll
[0108/000911.958:ERROR:process_memory_win.cc(73)] ReadMemory at 0x7ffdd1f90000 of 64 bytes failed: Only part of a ReadProcessMemory or WriteProcessMemory request was completed. (0x12B)
[0108/000911.958:WARNING:pe_image_reader.cc(340)] could not read dos header from C:\WINDOWS\SYSTEM32\DWrite.dll
[0108/000911.958:ERROR:process_memory_win.cc(73)] ReadMemory at 0x7ffdbf400000 of 64 bytes failed: Only part of a ReadProcessMemory or WriteProcessMemory request was completed. (0x12B)
[0108/000911.958:WARNING:pe_image_reader.cc(340)] could not read dos header from C:\WINDOWS\SYSTEM32\WINSPOOL.DRV
[0108/000911.958:ERROR:process_memory_win.cc(73)] ReadMemory at 0x7ffddd600000 of 64 bytes failed: Only part of a ReadProcessMemory or WriteProcessMemory request was completed. (0x12B)
[0108/000911.958:WARNING:pe_image_reader.cc(340)] could not read dos header from C:\WINDOWS\SYSTEM32\WINHTTP.dll
[0108/000911.959:ERROR:process_memory_win.cc(73)] ReadMemory at 0x7ffdd9b00000 of 64 bytes failed: Only part of a ReadProcessMemory or WriteProcessMemory request was completed. (0x12B)
[0108/000911.959:WARNING:pe_image_reader.cc(340)] could not read dos header from C:\WINDOWS\SYSTEM32\dhcpcsvc.DLL
[0108/000911.959:ERROR:process_memory_win.cc(73)] ReadMemory at 0x7ffdda890000 of 64 bytes failed: Only part of a ReadProcessMemory or WriteProcessMemory request was completed. (0x12B)
[0108/000911.959:WARNING:pe_image_reader.cc(340)] could not read dos header from C:\WINDOWS\SYSTEM32\PROPSYS.dll
[0108/000911.959:ERROR:process_memory_win.cc(73)] ReadMemory at 0x7ffde0a20000 of 64 bytes failed: Only part of a ReadProcessMemory or WriteProcessMemory request was completed. (0x12B)
[0108/000911.959:WARNING:pe_image_reader.cc(340)] could not read dos header from C:\WINDOWS\SYSTEM32\SSPICLI.DLL
[0108/000911.959:ERROR:process_memory_win.cc(73)] ReadMemory at 0x7ffde0690000 of 64 bytes failed: Only part of a ReadProcessMemory or WriteProcessMemory request was completed. (0x12B)
[0108/000911.959:WARNING:pe_image_reader.cc(340)] could not read dos header from C:\WINDOWS\System32\MSASN1.dll
[0108/000911.959:ERROR:process_memory_win.cc(73)] ReadMemory at 0x7ffde13b0000 of 64 bytes failed: Only part of a ReadProcessMemory or WriteProcessMemory request was completed. (0x12B)
[0108/000911.959:WARNING:pe_image_reader.cc(340)] could not read dos header from C:\WINDOWS\System32\bcryptPrimitives.dll
[0108/000911.959:ERROR:process_memory_win.cc(73)] ReadMemory at 0x7ffde0480000 of 64 bytes failed: Only part of a ReadProcessMemory or WriteProcessMemory request was completed. (0x12B)
[0108/000911.959:WARNING:pe_image_reader.cc(340)] could not read dos header from C:\WINDOWS\SYSTEM32\CRYPTBASE.DLL
[0108/000911.981:ERROR:process_memory_win.cc(73)] ReadMemory at 0x5c023e0000 of 131072 bytes failed: Only part of a ReadProcessMemory or WriteProcessMemory request was completed. (0x12B)
[0108/000911.982:ERROR:process_memory_win.cc(73)] ReadMemory at 0x5c02bfe000 of 8192 bytes failed: Only part of a ReadProcessMemory or WriteProcessMemory request was completed. (0x12B)
[0108/000911.982:ERROR:process_memory_win.cc(73)] ReadMemory at 0x5c033fa000 of 24576 bytes failed: Only part of a ReadProcessMemory or WriteProcessMemory request was completed. (0x12B)
[0108/000911.982:ERROR:process_memory_win.cc(73)] ReadMemory at 0x5c03bfe000 of 8192 bytes failed: Only part of a ReadProcessMemory or WriteProcessMemory request was completed. (0x12B)
[0108/000911.982:ERROR:process_memory_win.cc(73)] ReadMemory at 0x5c043fd000 of 12288 bytes failed: Only part of a ReadProcessMemory or WriteProcessMemory request was completed. (0x12B)
[0108/000911.982:ERROR:process_memory_win.cc(73)] ReadMemory at 0x5c04bfe000 of 8192 bytes failed: Only part of a ReadProcessMemory or WriteProcessMemory request was completed. (0x12B)
[0108/000911.982:ERROR:process_memory_win.cc(73)] ReadMemory at 0x5c053ff000 of 4096 bytes failed: Only part of a ReadProcessMemory or WriteProcessMemory request was completed. (0x12B)
[0108/000911.983:ERROR:process_memory_win.cc(73)] ReadMemory at 0x5c05bfe000 of 8192 bytes failed: Only part of a ReadProcessMemory or WriteProcessMemory request was completed. (0x12B)
[0108/000911.983:ERROR:process_memory_win.cc(73)] ReadMemory at 0x5c063fd000 of 12288 bytes failed: Only part of a ReadProcessMemory or WriteProcessMemory request was completed. (0x12B)
[0108/000911.983:ERROR:process_memory_win.cc(73)] ReadMemory at 0x5c06bfe000 of 8192 bytes failed: Only part of a ReadProcessMemory or WriteProcessMemory request was completed. (0x12B)
[0108/000911.983:ERROR:process_memory_win.cc(73)] ReadMemory at 0x5c073fe000 of 8192 bytes failed: Only part of a ReadProcessMemory or WriteProcessMemory request was completed. (0x12B)
[0108/000911.983:ERROR:process_memory_win.cc(73)] ReadMemory at 0x5c07bfe000 of 8192 bytes failed: Only part of a ReadProcessMemory or WriteProcessMemory request was completed. (0x12B)
[0108/000911.983:ERROR:process_memory_win.cc(73)] ReadMemory at 0x5c083fe000 of 8192 bytes failed: Only part of a ReadProcessMemory or WriteProcessMemory request was completed. (0x12B)
[0108/000911.983:ERROR:process_memory_win.cc(73)] ReadMemory at 0x5c08bfe000 of 8192 bytes failed: Only part of a ReadProcessMemory or WriteProcessMemory request was completed. (0x12B)
[0108/000911.983:ERROR:process_memory_win.cc(73)] ReadMemory at 0x5c093fe000 of 8192 bytes failed: Only part of a ReadProcessMemory or WriteProcessMemory request was completed. (0x12B)
[0108/000911.984:ERROR:process_memory_win.cc(73)] ReadMemory at 0x5c09bfe000 of 8192 bytes failed: Only part of a ReadProcessMemory or WriteProcessMemory request was completed. (0x12B)
[0108/000911.984:ERROR:process_memory_win.cc(73)] ReadMemory at 0x5c01a92000 of 852 bytes failed: Only part of a ReadProcessMemory or WriteProcessMemory request was completed. (0x12B)
[0108/000911.984:ERROR:process_memory_win.cc(73)] ReadMemory at 0x5c01a93000 of 6024 bytes failed: Only part of a ReadProcessMemory or WriteProcessMemory request was completed. (0x12B)
[0108/000911.984:ERROR:process_memory_win.cc(73)] ReadMemory at 0x5c01a95000 of 6024 bytes failed: Only part of a ReadProcessMemory or WriteProcessMemory request was completed. (0x12B)
[0108/000911.984:ERROR:process_memory_win.cc(73)] ReadMemory at 0x5c01a97000 of 6024 bytes failed: Only part of a ReadProcessMemory or WriteProcessMemory request was completed. (0x12B)
[0108/000911.984:ERROR:process_memory_win.cc(73)] ReadMemory at 0x5c01a99000 of 6024 bytes failed: Only part of a ReadProcessMemory or WriteProcessMemory request was completed. (0x12B)
[0108/000911.984:ERROR:process_memory_win.cc(73)] ReadMemory at 0x5c01a9b000 of 6024 bytes failed: Only part of a ReadProcessMemory or WriteProcessMemory request was completed. (0x12B)
[0108/000911.985:ERROR:process_memory_win.cc(73)] ReadMemory at 0x5c01a9d000 of 6024 bytes failed: Only part of a ReadProcessMemory or WriteProcessMemory request was completed. (0x12B)
[0108/000911.985:ERROR:process_memory_win.cc(73)] ReadMemory at 0x5c01a9f000 of 6024 bytes failed: Only part of a ReadProcessMemory or WriteProcessMemory request was completed. (0x12B)
[0108/000911.985:ERROR:process_memory_win.cc(73)] ReadMemory at 0x5c01aa1000 of 6024 bytes failed: Only part of a ReadProcessMemory or WriteProcessMemory request was completed. (0x12B)
[0108/000911.985:ERROR:process_memory_win.cc(73)] ReadMemory at 0x5c01aa3000 of 6024 bytes failed: Only part of a ReadProcessMemory or WriteProcessMemory request was completed. (0x12B)
[0108/000911.985:ERROR:process_memory_win.cc(73)] ReadMemory at 0x5c01aa5000 of 6024 bytes failed: Only part of a ReadProcessMemory or WriteProcessMemory request was completed. (0x12B)
[0108/000911.985:ERROR:process_memory_win.cc(73)] ReadMemory at 0x5c01aa7000 of 6024 bytes failed: Only part of a ReadProcessMemory or WriteProcessMemory request was completed. (0x12B)
[0108/000911.986:ERROR:process_memory_win.cc(73)] ReadMemory at 0x5c01aa9000 of 6024 bytes failed: Only part of a ReadProcessMemory or WriteProcessMemory request was completed. (0x12B)
[0108/000911.986:ERROR:process_memory_win.cc(73)] ReadMemory at 0x5c01aab000 of 6024 bytes failed: Only part of a ReadProcessMemory or WriteProcessMemory request was completed. (0x12B)
[0108/000911.986:ERROR:process_memory_win.cc(73)] ReadMemory at 0x5c01aad000 of 6024 bytes failed: Only part of a ReadProcessMemory or WriteProcessMemory request was completed. (0x12B)
[0108/000911.986:ERROR:process_memory_win.cc(73)] ReadMemory at 0x5c01aaf000 of 6024 bytes failed: Only part of a ReadProcessMemory or WriteProcessMemory request was completed. (0x12B)
[0108/000911.986:ERROR:process_memory_win.cc(73)] ReadMemory at 0x5c01ab1000 of 6024 bytes failed: Only part of a ReadProcessMemory or WriteProcessMemory request was completed. (0x12B)
[0108/000911.986:ERROR:process_memory_win.cc(73)] ReadMemory at 0x1d66909e028 of 512 bytes failed: Only part of a ReadProcessMemory or WriteProcessMemory request was completed. (0x12B)
[0108/000911.986:ERROR:process_memory_win.cc(73)] ReadMemory at 0x238ce390fe0 of 19702 bytes failed: Only part of a ReadProcessMemory or WriteProcessMemory request was completed. (0x12B)
[0108/000911.987:ERROR:process_memory_win.cc(73)] ReadMemory at 0x238ce395ce0 of 1012 bytes failed: Only part of a ReadProcessMemory or WriteProcessMemory request was completed. (0x12B)
[0108/000911.987:ERROR:process_memory_win.cc(73)] ReadMemory at 0x238ce396328 of 118 bytes failed: Only part of a ReadProcessMemory or WriteProcessMemory request was completed. (0x12B)
[0108/000911.987:ERROR:process_memory_win.cc(73)] ReadMemory at 0x238ce3963a0 of 772 bytes failed: Only part of a ReadProcessMemory or WriteProcessMemory request was completed. (0x12B)
[0108/000911.987:ERROR:process_memory_win.cc(73)] ReadMemory at 0x238ce3966a6 of 118 bytes failed: Only part of a ReadProcessMemory or WriteProcessMemory request was completed. (0x12B)
[0108/000911.987:ERROR:process_memory_win.cc(73)] ReadMemory at 0x238ce39671e of 102 bytes failed: Only part of a ReadProcessMemory or WriteProcessMemory request was completed. (0x12B)
[0108/000911.987:ERROR:process_memory_win.cc(73)] ReadMemory at 0x238ce396790 of 58 bytes failed: Only part of a ReadProcessMemory or WriteProcessMemory request was completed. (0x12B)
[0108/000911.987:ERROR:process_memory_win.cc(73)] ReadMemory at 0x238ce396890 of 132 bytes failed: Only part of a ReadProcessMemory or WriteProcessMemory request was completed. (0x12B)
[0108/000911.987:ERROR:process_memory_win.cc(73)] ReadMemory at 0x238ce396a20 of 132 bytes failed: Only part of a ReadProcessMemory or WriteProcessMemory request was completed. (0x12B)
[0108/000911.987:ERROR:process_memory_win.cc(73)] ReadMemory at 0x238ce396be0 of 124 bytes failed: Only part of a ReadProcessMemory or WriteProcessMemory request was completed. (0x12B)
[0108/000911.988:ERROR:process_memory_win.cc(73)] ReadMemory at 0x238ce3970e0 of 132 bytes failed: Only part of a ReadProcessMemory or WriteProcessMemory request was completed. (0x12B)
[0108/000911.988:ERROR:process_memory_win.cc(73)] ReadMemory at 0x238ce397270 of 64 bytes failed: Only part of a ReadProcessMemory or WriteProcessMemory request was completed. (0x12B)
[0108/000911.988:ERROR:process_memory_win.cc(73)] ReadMemory at 0x238ce397430 of 132 bytes failed: Only part of a ReadProcessMemory or WriteProcessMemory request was completed. (0x12B)
[0108/000911.988:ERROR:process_memory_win.cc(73)] ReadMemory at 0x238ce3976f0 of 132 bytes failed: Only part of a ReadProcessMemory or WriteProcessMemory request was completed. (0x12B)
[0108/000911.988:ERROR:process_memory_win.cc(73)] ReadMemory at 0x238ce397880 of 68 bytes failed: Only part of a ReadProcessMemory or WriteProcessMemory request was completed. (0x12B)
[0108/000911.988:ERROR:process_memory_win.cc(73)] ReadMemory at 0x238ce398950 of 132 bytes failed: Only part of a ReadProcessMemory or WriteProcessMemory request was completed. (0x12B)
[0108/000911.988:ERROR:process_memory_win.cc(73)] ReadMemory at 0x238ce398a80 of 152 bytes failed: Only part of a ReadProcessMemory or WriteProcessMemory request was completed. (0x12B)
[0108/000911.988:ERROR:process_memory_win.cc(73)] ReadMemory at 0x238ce39b3d0 of 62 bytes failed: Only part of a ReadProcessMemory or WriteProcessMemory request was completed. (0x12B)
[0108/000911.988:ERROR:process_memory_win.cc(73)] ReadMemory at 0x238ce39b500 of 132 bytes failed: Only part of a ReadProcessMemory or WriteProcessMemory request was completed. (0x12B)
[0108/000911.988:ERROR:process_memory_win.cc(73)] ReadMemory at 0x238ce39b690 of 60 bytes failed: Only part of a ReadProcessMemory or WriteProcessMemory request was completed. (0x12B)
[0108/000911.989:ERROR:process_memory_win.cc(73)] ReadMemory at 0x238ce3a9690 of 64 bytes failed: Only part of a ReadProcessMemory or WriteProcessMemory request was completed. (0x12B)
[0108/000911.989:ERROR:process_memory_win.cc(73)] ReadMemory at 0x238ce3a97d0 of 62 bytes failed: Only part of a ReadProcessMemory or WriteProcessMemory request was completed. (0x12B)
[0108/000911.989:ERROR:process_memory_win.cc(73)] ReadMemory at 0x238ce3a98c0 of 62 bytes failed: Only part of a ReadProcessMemory or WriteProcessMemory request was completed. (0x12B)
[0108/000911.989:ERROR:process_memory_win.cc(73)] ReadMemory at 0x238ce3a9910 of 64 bytes failed: Only part of a ReadProcessMemory or WriteProcessMemory request was completed. (0x12B)
[0108/000911.989:ERROR:process_memory_win.cc(73)] ReadMemory at 0x238ce3a9c30 of 62 bytes failed: Only part of a ReadProcessMemory or WriteProcessMemory request was completed. (0x12B)
[0108/000911.989:ERROR:process_memory_win.cc(73)] ReadMemory at 0x238ce3a9c80 of 62 bytes failed: Only part of a ReadProcessMemory or WriteProcessMemory request was completed. (0x12B)
[0108/000911.989:ERROR:process_memory_win.cc(73)] ReadMemory at 0x238ce3a9dc0 of 60 bytes failed: Only part of a ReadProcessMemory or WriteProcessMemory request was completed. (0x12B)
[0108/000911.989:ERROR:process_memory_win.cc(73)] ReadMemory at 0x238ce3a9e10 of 64 bytes failed: Only part of a ReadProcessMemory or WriteProcessMemory request was completed. (0x12B)
[0108/000911.990:ERROR:process_memory_win.cc(73)] ReadMemory at 0x238ce3a9f00 of 64 bytes failed: Only part of a ReadProcessMemory or WriteProcessMemory request was completed. (0x12B)
[0108/000911.990:ERROR:process_memory_win.cc(73)] ReadMemory at 0x238ce3aa090 of 62 bytes failed: Only part of a ReadProcessMemory or WriteProcessMemory request was completed. (0x12B)
[0108/000911.990:ERROR:process_memory_win.cc(73)] ReadMemory at 0x238ce3aa0e0 of 62 bytes failed: Only part of a ReadProcessMemory or WriteProcessMemory request was completed. (0x12B)
[0108/000911.990:ERROR:process_memory_win.cc(73)] ReadMemory at 0x238ce3aa1d0 of 62 bytes failed: Only part of a ReadProcessMemory or WriteProcessMemory request was completed. (0x12B)
[0108/000911.990:ERROR:process_memory_win.cc(73)] ReadMemory at 0x238ce3aa310 of 58 bytes failed: Only part of a ReadProcessMemory or WriteProcessMemory request was completed. (0x12B)
[0108/000911.990:ERROR:process_memory_win.cc(73)] ReadMemory at 0x238ce3aa360 of 62 bytes failed: Only part of a ReadProcessMemory or WriteProcessMemory request was completed. (0x12B)
[0108/000911.990:ERROR:process_memory_win.cc(73)] ReadMemory at 0x238ce3ae3b0 of 132 bytes failed: Only part of a ReadProcessMemory or WriteProcessMemory request was completed. (0x12B)
[0108/000911.990:ERROR:process_memory_win.cc(73)] ReadMemory at 0x238ce3aeae0 of 132 bytes failed: Only part of a ReadProcessMemory or WriteProcessMemory request was completed. (0x12B)
[0108/000911.990:ERROR:process_memory_win.cc(73)] ReadMemory at 0x238ce3aed00 of 132 bytes failed: Only part of a ReadProcessMemory or WriteProcessMemory request was completed. (0x12B)
[0108/000911.991:ERROR:process_memory_win.cc(73)] ReadMemory at 0x238ce3af050 of 132 bytes failed: Only part of a ReadProcessMemory or WriteProcessMemory request was completed. (0x12B)
[0108/000911.991:ERROR:process_memory_win.cc(73)] ReadMemory at 0x238ce3af2b0 of 132 bytes failed: Only part of a ReadProcessMemory or WriteProcessMemory request was completed. (0x12B)
[0108/000911.991:ERROR:process_memory_win.cc(73)] ReadMemory at 0x238ce3af3e0 of 132 bytes failed: Only part of a ReadProcessMemory or WriteProcessMemory request was completed. (0x12B)
[0108/000911.991:ERROR:process_memory_win.cc(73)] ReadMemory at 0x238ce3af510 of 132 bytes failed: Only part of a ReadProcessMemory or WriteProcessMemory request was completed. (0x12B)
[0108/000911.991:ERROR:process_memory_win.cc(73)] ReadMemory at 0x238ce3af640 of 132 bytes failed: Only part of a ReadProcessMemory or WriteProcessMemory request was completed. (0x12B)
[0108/000911.991:ERROR:process_memory_win.cc(73)] ReadMemory at 0x238ce3af770 of 132 bytes failed: Only part of a ReadProcessMemory or WriteProcessMemory request was completed. (0x12B)
[0108/000911.991:ERROR:process_memory_win.cc(73)] ReadMemory at 0x238ce3af8a0 of 132 bytes failed: Only part of a ReadProcessMemory or WriteProcessMemory request was completed. (0x12B)
[0108/000911.991:ERROR:process_memory_win.cc(73)] ReadMemory at 0x238ce3af9d0 of 132 bytes failed: Only part of a ReadProcessMemory or WriteProcessMemory request was completed. (0x12B)
[0108/000911.991:ERROR:process_memory_win.cc(73)] ReadMemory at 0x238ce3afb00 of 132 bytes failed: Only part of a ReadProcessMemory or WriteProcessMemory request was completed. (0x12B)
[0108/000911.992:ERROR:process_memory_win.cc(73)] ReadMemory at 0x238ce3afc30 of 132 bytes failed: Only part of a ReadProcessMemory or WriteProcessMemory request was completed. (0x12B)
[0108/000911.992:ERROR:process_memory_win.cc(73)] ReadMemory at 0x238ce3afd60 of 132 bytes failed: Only part of a ReadProcessMemory or WriteProcessMemory request was completed. (0x12B)
[0108/000911.992:ERROR:process_memory_win.cc(73)] ReadMemory at 0x238ce3afe90 of 132 bytes failed: Only part of a ReadProcessMemory or WriteProcessMemory request was completed. (0x12B)
[0108/000911.992:ERROR:process_memory_win.cc(73)] ReadMemory at 0x238ce3affc0 of 132 bytes failed: Only part of a ReadProcessMemory or WriteProcessMemory request was completed. (0x12B)
[0108/000911.992:ERROR:process_memory_win.cc(73)] ReadMemory at 0x238ce3b00f0 of 132 bytes failed: Only part of a ReadProcessMemory or WriteProcessMemory request was completed. (0x12B)
[0108/000911.992:ERROR:process_memory_win.cc(73)] ReadMemory at 0x238ce3b0d80 of 80 bytes failed: Only part of a ReadProcessMemory or WriteProcessMemory request was completed. (0x12B)
[0108/000911.992:ERROR:process_memory_win.cc(73)] ReadMemory at 0x238ce3b1440 of 80 bytes failed: Only part of a ReadProcessMemory or WriteProcessMemory request was completed. (0x12B)
[0108/000911.992:ERROR:process_memory_win.cc(73)] ReadMemory at 0x238ce3b6fa0 of 132 bytes failed: Only part of a ReadProcessMemory or WriteProcessMemory request was completed. (0x12B)
[0108/000911.992:ERROR:process_memory_win.cc(73)] ReadMemory at 0x238ce3b71b0 of 132 bytes failed: Only part of a ReadProcessMemory or WriteProcessMemory request was completed. (0x12B)
[0108/000911.993:ERROR:process_memory_win.cc(73)] ReadMemory at 0x238ce3b77a0 of 132 bytes failed: Only part of a ReadProcessMemory or WriteProcessMemory request was completed. (0x12B)
[0108/000911.993:ERROR:process_memory_win.cc(73)] ReadMemory at 0x238ce3b7ab0 of 132 bytes failed: Only part of a ReadProcessMemory or WriteProcessMemory request was completed. (0x12B)
[0108/000911.993:ERROR:process_memory_win.cc(73)] ReadMemory at 0x238ce3b8c50 of 60 bytes failed: Only part of a ReadProcessMemory or WriteProcessMemory request was completed. (0x12B)
[0108/000911.993:ERROR:process_memory_win.cc(73)] ReadMemory at 0x238ce3b8de0 of 60 bytes failed: Only part of a ReadProcessMemory or WriteProcessMemory request was completed. (0x12B)
[0108/000911.993:ERROR:process_memory_win.cc(73)] ReadMemory at 0x238ce3b8fc0 of 64 bytes failed: Only part of a ReadProcessMemory or WriteProcessMemory request was completed. (0x12B)
[0108/000911.993:ERROR:process_memory_win.cc(73)] ReadMemory at 0x238ce3b9100 of 62 bytes failed: Only part of a ReadProcessMemory or WriteProcessMemory request was completed. (0x12B)
[0108/000911.993:ERROR:process_memory_win.cc(73)] ReadMemory at 0x238ce3b9290 of 66 bytes failed: Only part of a ReadProcessMemory or WriteProcessMemory request was completed. (0x12B)
[0108/000911.993:ERROR:process_memory_win.cc(73)] ReadMemory at 0x238ce3b92e0 of 64 bytes failed: Only part of a ReadProcessMemory or WriteProcessMemory request was completed. (0x12B)
[0108/000911.994:ERROR:process_memory_win.cc(73)] ReadMemory at 0x238ce3b9330 of 64 bytes failed: Only part of a ReadProcessMemory or WriteProcessMemory request was completed. (0x12B)
[0108/000911.994:ERROR:process_memory_win.cc(73)] ReadMemory at 0x238ce3b9cc0 of 144 bytes failed: Only part of a ReadProcessMemory or WriteProcessMemory request was completed. (0x12B)
[0108/000911.995:ERROR:process_memory_win.cc(73)] ReadMemory at 0x238ce3bd7d0 of 132 bytes failed: Only part of a ReadProcessMemory or WriteProcessMemory request was completed. (0x12B)
[0108/000911.995:ERROR:process_memory_win.cc(73)] ReadMemory at 0x238ce3c0360 of 132 bytes failed: Only part of a ReadProcessMemory or WriteProcessMemory request was completed. (0x12B)
[0108/000911.995:ERROR:process_memory_win.cc(73)] ReadMemory at 0x238ce3c0490 of 132 bytes failed: Only part of a ReadProcessMemory or WriteProcessMemory request was completed. (0x12B)
[0108/000911.995:ERROR:process_memory_win.cc(73)] ReadMemory at 0x238ce3c0bb0 of 132 bytes failed: Only part of a ReadProcessMemory or WriteProcessMemory request was completed. (0x12B)
[0108/000911.995:ERROR:process_memory_win.cc(73)] ReadMemory at 0x238ce3c6620 of 60 bytes failed: Only part of a ReadProcessMemory or WriteProcessMemory request was completed. (0x12B)
[0108/000911.995:ERROR:process_memory_win.cc(73)] ReadMemory at 0x238ce40ec90 of 512 bytes failed: Only part of a ReadProcessMemory or WriteProcessMemory request was completed. (0x12B)
[0108/000911.995:ERROR:process_memory_win.cc(73)] ReadMemory at 0x238ce40f390 of 512 bytes failed: Only part of a ReadProcessMemory or WriteProcessMemory request was completed. (0x12B)
[0108/000911.995:ERROR:process_memory_win.cc(73)] ReadMemory at 0x238ce40fd90 of 512 bytes failed: Only part of a ReadProcessMemory or WriteProcessMemory request was completed. (0x12B)
[0108/000911.995:ERROR:process_memory_win.cc(73)] ReadMemory at 0x238ce41b600 of 512 bytes failed: Only part of a ReadProcessMemory or WriteProcessMemory request was completed. (0x12B)
[0108/000911.996:ERROR:process_memory_win.cc(73)] ReadMemory at 0x238ce439f90 of 512 bytes failed: Only part of a ReadProcessMemory or WriteProcessMemory request was completed. (0x12B)
[0108/000911.996:ERROR:process_memory_win.cc(73)] ReadMemory at 0x238ce448360 of 512 bytes failed: Only part of a ReadProcessMemory or WriteProcessMemory request was completed. (0x12B)
[0108/000911.996:ERROR:process_memory_win.cc(73)] ReadMemory at 0x238ce4501f0 of 512 bytes failed: Only part of a ReadProcessMemory or WriteProcessMemory request was completed. (0x12B)
[0108/000911.996:ERROR:process_memory_win.cc(73)] ReadMemory at 0x238ce462680 of 712 bytes failed: Only part of a ReadProcessMemory or WriteProcessMemory request was completed. (0x12B)
[0108/000911.996:ERROR:process_memory_win.cc(73)] ReadMemory at 0x238ce4677e0 of 512 bytes failed: Only part of a ReadProcessMemory or WriteProcessMemory request was completed. (0x12B)
[0108/000911.996:ERROR:process_memory_win.cc(73)] ReadMemory at 0x238ce48ed50 of 512 bytes failed: Only part of a ReadProcessMemory or WriteProcessMemory request was completed. (0x12B)
[0108/000911.996:ERROR:process_memory_win.cc(73)] ReadMemory at 0x238ce4d0c40 of 512 bytes failed: Only part of a ReadProcessMemory or WriteProcessMemory request was completed. (0x12B)
[0108/000911.996:ERROR:process_memory_win.cc(73)] ReadMemory at 0x238cfe40000 of 384 bytes failed: Only part of a ReadProcessMemory or WriteProcessMemory request was completed. (0x12B)
[0108/000911.997:ERROR:process_memory_win.cc(73)] ReadMemory at 0x238cfe4b860 of 512 bytes failed: Only part of a ReadProcessMemory or WriteProcessMemory request was completed. (0x12B)
[0108/000911.997:ERROR:process_memory_win.cc(73)] ReadMemory at 0x238cfead2c0 of 512 bytes failed: Only part of a ReadProcessMemory or WriteProcessMemory request was completed. (0x12B)
[0108/000911.997:ERROR:process_memory_win.cc(73)] ReadMemory at 0x238cff12570 of 512 bytes failed: Only part of a ReadProcessMemory or WriteProcessMemory request was completed. (0x12B)
[0108/000911.997:ERROR:process_memory_win.cc(73)] ReadMemory at 0x238cff1fd70 of 512 bytes failed: Only part of a ReadProcessMemory or WriteProcessMemory request was completed. (0x12B)
[0108/000911.997:ERROR:process_memory_win.cc(73)] ReadMemory at 0x238cff20770 of 512 bytes failed: Only part of a ReadProcessMemory or WriteProcessMemory request was completed. (0x12B)
[0108/000911.997:ERROR:process_memory_win.cc(73)] ReadMemory at 0x238d006d190 of 512 bytes failed: Only part of a ReadProcessMemory or WriteProcessMemory request was completed. (0x12B)
[0108/000911.997:ERROR:process_memory_win.cc(73)] ReadMemory at 0x238d0980000 of 384 bytes failed: Only part of a ReadProcessMemory or WriteProcessMemory request was completed. (0x12B)
[0108/000911.997:ERROR:process_memory_win.cc(73)] ReadMemory at 0x7ffd89caed30 of 512 bytes failed: Only part of a ReadProcessMemory or WriteProcessMemory request was completed. (0x12B)
[0108/000911.997:ERROR:process_memory_win.cc(73)] ReadMemory at 0x7ffd8a008e4d of 512 bytes failed: Only part of a ReadProcessMemory or WriteProcessMemory request was completed. (0x12B)
[0108/000911.997:ERROR:process_memory_win.cc(73)] ReadMemory at 0x7ffd8b91fa45 of 512 bytes failed: Only part of a ReadProcessMemory or WriteProcessMemory request was completed. (0x12B)
[0108/000911.998:ERROR:process_memory_win.cc(73)] ReadMemory at 0x7ffd8fbf33b0 of 512 bytes failed: Only part of a ReadProcessMemory or WriteProcessMemory request was completed. (0x12B)
[0108/000911.998:ERROR:process_memory_win.cc(73)] ReadMemory at 0x7ffd905e3438 of 512 bytes failed: Only part of a ReadProcessMemory or WriteProcessMemory request was completed. (0x12B)
[0108/000911.998:ERROR:process_memory_win.cc(73)] ReadMemory at 0x7ffde1bb4a50 of 512 bytes failed: Only part of a ReadProcessMemory or WriteProcessMemory request was completed. (0x12B)
[0108/000911.998:ERROR:process_memory_win.cc(73)] ReadMemory at 0x7ffde34cbfb4 of 672 bytes failed: Only part of a ReadProcessMemory or WriteProcessMemory request was completed. (0x12B)
[0108/000911.998:ERROR:process_memory_win.cc(73)] ReadMemory at 0x7ffde34cc5b4 of 512 bytes failed: Only part of a ReadProcessMemory or WriteProcessMemory request was completed. (0x12B)
[0108/000911.998:ERROR:process_memory_win.cc(73)] ReadMemory at 0x7ffde34cf924 of 608 bytes failed: Only part of a ReadProcessMemory or WriteProcessMemory request was completed. (0x12B)
[0108/000911.998:ERROR:process_memory_win.cc(73)] ReadMemory at 0x7ffde3560a00 of 18 bytes failed: Only part of a ReadProcessMemory or WriteProcessMemory request was completed. (0x12B)
[0108/000911.998:ERROR:process_memory_win.cc(73)] ReadMemory at 0x7ffde35954f8 of 40 bytes failed: Only part of a ReadProcessMemory or WriteProcessMemory request was completed. (0x12B)
[0108/000911.998:ERROR:process_memory_win.cc(73)] ReadMemory at 0x7ffde3595978 of 48 bytes failed: Only part of a ReadProcessMemory or WriteProcessMemory request was completed. (0x12B)
[0108/000911.999:ERROR:process_memory_win.cc(73)] ReadMemory at 0x7ffde359b4c0 of 64 bytes failed: Only part of a ReadProcessMemory or WriteProcessMemory request was completed. (0x12B)
[0108/000912.000:ERROR:scoped_process_suspend.cc(40)] NtResumeProcess: An attempt was made to access an exiting process. (0xc000010a)
